  [1m[35m (0.0ms)[0m  [1m[35mCREATE TABLE "schema_migrations" ("version" varchar NOT NULL PRIMARY KEY)[0m
  [1m[35m (0.0ms)[0m  [1m[35mCREATE TABLE "ar_internal_metadata" ("key" varchar NOT NULL PRIMARY KEY, "value" varchar, "created_at" datetime NOT NULL, "updated_at" datetime NOT NULL)[0m
  [1m[36mActiveRecord::SchemaMigration Load (0.0ms)[0m  [1m[34mSELECT "schema_migrations".* FROM "schema_migrations"[0m
Migrating to CreateFilms (20170306181824)
  [1m[35m (0.0ms)[0m  [1m[36mbegin transaction[0m
  [1m[35m (0.0ms)[0m  [1m[35mCREATE TABLE "films" ("id" INTEGER PRIMARY KEY AUTOINCREMENT NOT NULL, "title" varchar, "director" varchar, "year" varchar, "created_at" datetime NOT NULL, "updated_at" datetime NOT NULL)[0m
  [1m[35mSQL (0.0ms)[0m  [1m[32mINSERT INTO "schema_migrations" ("version") VALUES (?)[0m  [["version", "20170306181824"]]
  [1m[35m (10.0ms)[0m  [1m[36mcommit transaction[0m
  [1m[36mActiveRecord::InternalMetadata Load (0.0ms)[0m  [1m[34mSELECT  "ar_internal_metadata".* FROM "ar_internal_metadata" WHERE "ar_internal_metadata"."key" = ? LIMIT ?[0m  [["key", :environment], ["LIMIT", 1]]
  [1m[35m (0.0ms)[0m  [1m[36mbegin transaction[0m
  [1m[35mSQL (0.0ms)[0m  [1m[32mINSERT INTO "ar_internal_metadata" ("key", "value", "created_at", "updated_at") VALUES (?, ?, ?, ?)[0m  [["key", "environment"], ["value", "development"], ["created_at", 2017-03-06 18:18:46 UTC], ["updated_at", 2017-03-06 18:18:46 UTC]]
  [1m[35m (10.0ms)[0m  [1m[36mcommit transaction[0m
  [1m[36mActiveRecord::SchemaMigration Load (0.0ms)[0m  [1m[34mSELECT "schema_migrations".* FROM "schema_migrations"[0m
Started GET "/" for ::1 at 2017-03-06 19:24:34 +0100
  [1m[36mActiveRecord::SchemaMigration Load (0.0ms)[0m  [1m[34mSELECT "schema_migrations".* FROM "schema_migrations"[0m
Processing by WelcomeController#index as HTML
  Rendering welcome/index.html.erb within layouts/application
  Rendered welcome/index.html.erb within layouts/application (2.0ms)
Completed 200 OK in 4388ms (Views: 4361.5ms | ActiveRecord: 0.0ms)


Started GET "/films" for ::1 at 2017-03-06 19:24:52 +0100
Processing by FilmsController#index as HTML
  Rendering films/index.html.erb within layouts/application
  [1m[36mFilm Load (0.0ms)[0m  [1m[34mSELECT "films".* FROM "films"[0m
  Rendered films/index.html.erb within layouts/application (2.0ms)
Completed 200 OK in 117ms (Views: 99.4ms | ActiveRecord: 0.0ms)


Started GET "/films/new" for ::1 at 2017-03-06 19:24:58 +0100
Processing by FilmsController#new as HTML
  Rendering films/new.html.erb within layouts/application
  Rendered films/new.html.erb within layouts/application (25.0ms)
Completed 200 OK in 140ms (Views: 122.2ms | ActiveRecord: 0.0ms)


Started POST "/films" for ::1 at 2017-03-06 19:25:02 +0100
Processing by FilmsController#create as HTML
  Parameters: {"utf8"=>"✓", "authenticity_token"=>"iTDyiOQYwG+ups7OkHTf9OBZdxCPIP1VJc6MuKNaIA087xYjVyk52krj54JeLRnI76Y6Ezk+q7XYvIYqJL32GA==", "film"=>{"title"=>"test", "director"=>"test", "year"=>"testy"}, "commit"=>"Save Film"}
  [1m[35m (0.0ms)[0m  [1m[36mbegin transaction[0m
  [1m[35mSQL (1.0ms)[0m  [1m[32mINSERT INTO "films" ("title", "director", "year", "created_at", "updated_at") VALUES (?, ?, ?, ?, ?)[0m  [["title", "test"], ["director", "test"], ["year", "testy"], ["created_at", 2017-03-06 18:25:02 UTC], ["updated_at", 2017-03-06 18:25:02 UTC]]
  [1m[35m (4.0ms)[0m  [1m[36mcommit transaction[0m
Redirected to http://localhost:3000/films/1
Completed 302 Found in 11ms (ActiveRecord: 5.0ms)


Started GET "/films/1" for ::1 at 2017-03-06 19:25:02 +0100
Processing by FilmsController#show as HTML
  Parameters: {"id"=>"1"}
  [1m[36mFilm Load (0.0ms)[0m  [1m[34mSELECT  "films".* FROM "films" WHERE "films"."id" = ? LIMIT ?[0m  [["id", 1], ["LIMIT", 1]]
  Rendering films/show.html.erb within layouts/application
  Rendered films/show.html.erb within layouts/application (0.0ms)
Completed 200 OK in 121ms (Views: 102.1ms | ActiveRecord: 0.0ms)


Started GET "/films" for ::1 at 2017-03-06 19:25:04 +0100
Processing by FilmsController#index as HTML
  Rendering films/index.html.erb within layouts/application
  [1m[36mFilm Load (0.0ms)[0m  [1m[34mSELECT "films".* FROM "films"[0m
  Rendered films/index.html.erb within layouts/application (1.0ms)
Completed 200 OK in 115ms (Views: 100.1ms | ActiveRecord: 0.0ms)


Started GET "/" for ::1 at 2017-03-06 19:51:24 +0100
  [1m[36mActiveRecord::SchemaMigration Load (0.0ms)[0m  [1m[34mSELECT "schema_migrations".* FROM "schema_migrations"[0m
Processing by WelcomeController#index as HTML
  Rendering welcome/index.html.erb within layouts/application
  Rendered welcome/index.html.erb within layouts/application (2.0ms)
Completed 200 OK in 10160ms (Views: 10133.4ms | ActiveRecord: 0.0ms)


Started GET "/" for ::1 at 2017-03-06 19:52:01 +0100
Processing by WelcomeController#index as HTML
  Rendering welcome/index.html.erb within layouts/application
  Rendered welcome/index.html.erb within layouts/application (0.0ms)
Completed 200 OK in 248ms (Views: 234.3ms | ActiveRecord: 0.0ms)


Started GET "/" for ::1 at 2017-03-06 19:52:55 +0100
Processing by WelcomeController#index as HTML
  Rendering welcome/index.html.erb within layouts/application
  Rendered welcome/index.html.erb within layouts/application (1.0ms)
Completed 200 OK in 242ms (Views: 226.6ms | ActiveRecord: 0.0ms)


Started GET "/" for ::1 at 2017-03-06 19:54:27 +0100
Processing by WelcomeController#index as HTML
  Rendering welcome/index.html.erb within layouts/application
  Rendered welcome/index.html.erb within layouts/application (0.0ms)
Completed 200 OK in 246ms (Views: 223.7ms | ActiveRecord: 0.0ms)


Started GET "/" for ::1 at 2017-03-06 19:56:10 +0100
  [1m[36mActiveRecord::SchemaMigration Load (0.0ms)[0m  [1m[34mSELECT "schema_migrations".* FROM "schema_migrations"[0m
Processing by WelcomeController#index as HTML
  Rendering welcome/index.html.erb within layouts/application
  Rendered welcome/index.html.erb within layouts/application (3.0ms)
Completed 200 OK in 10809ms (Views: 10781.1ms | ActiveRecord: 0.0ms)


Started GET "/" for ::1 at 2017-03-06 19:59:05 +0100
Processing by WelcomeController#index as HTML
  Rendering welcome/index.html.erb within layouts/application
  Rendered welcome/index.html.erb within layouts/application (1.0ms)
Completed 500 Internal Server Error in 91ms (ActiveRecord: 0.0ms)


  
ActionView::Template::Error (Invalid CSS after "50px": expected expression (e.g. 1px, bold), was ";"):
    4:     <title>Flicks</title>
    5:     <%= csrf_meta_tags %>
    6: 
    7:     <%= stylesheet_link_tag    'application', media: 'all', 'data-turbolinks-track': 'reload' %>
    8:     <%= javascript_include_tag 'application', 'data-turbolinks-track': 'reload' %>
    9:   </head>
   10: 
  
app/assets/stylesheets/application.css.sass:22
app/views/layouts/application.html.erb:7:in `_app_views_layouts_application_html_erb__562728656_104594868'
  Rendering C:/RailsInstaller/Ruby2.3.0/lib/ruby/gems/2.3.0/gems/actionpack-5.0.2/lib/action_dispatch/middleware/templates/rescues/template_error.html.erb within rescues/layout
  Rendering C:/RailsInstaller/Ruby2.3.0/lib/ruby/gems/2.3.0/gems/actionpack-5.0.2/lib/action_dispatch/middleware/templates/rescues/_source.html.erb
  Rendered C:/RailsInstaller/Ruby2.3.0/lib/ruby/gems/2.3.0/gems/actionpack-5.0.2/lib/action_dispatch/middleware/templates/rescues/_source.html.erb (5.0ms)
  Rendering C:/RailsInstaller/Ruby2.3.0/lib/ruby/gems/2.3.0/gems/actionpack-5.0.2/lib/action_dispatch/middleware/templates/rescues/_trace.html.erb
  Rendered C:/RailsInstaller/Ruby2.3.0/lib/ruby/gems/2.3.0/gems/actionpack-5.0.2/lib/action_dispatch/middleware/templates/rescues/_trace.html.erb (3.0ms)
  Rendering C:/RailsInstaller/Ruby2.3.0/lib/ruby/gems/2.3.0/gems/actionpack-5.0.2/lib/action_dispatch/middleware/templates/rescues/_request_and_response.html.erb
  Rendered C:/RailsInstaller/Ruby2.3.0/lib/ruby/gems/2.3.0/gems/actionpack-5.0.2/lib/action_dispatch/middleware/templates/rescues/_request_and_response.html.erb (1.0ms)
  Rendered C:/RailsInstaller/Ruby2.3.0/lib/ruby/gems/2.3.0/gems/actionpack-5.0.2/lib/action_dispatch/middleware/templates/rescues/template_error.html.erb within rescues/layout (1088.1ms)
Started GET "/" for ::1 at 2017-03-06 19:59:33 +0100
Processing by WelcomeController#index as HTML
  Rendering welcome/index.html.erb within layouts/application
  Rendered welcome/index.html.erb within layouts/application (0.0ms)
Completed 500 Internal Server Error in 2128ms (ActiveRecord: 0.0ms)


  
ActionView::Template::Error (Invalid CSS after "body ": expected selector, was "{"):
    4:     <title>Flicks</title>
    5:     <%= csrf_meta_tags %>
    6: 
    7:     <%= stylesheet_link_tag    'application', media: 'all', 'data-turbolinks-track': 'reload' %>
    8:     <%= javascript_include_tag 'application', 'data-turbolinks-track': 'reload' %>
    9:   </head>
   10: 
  
app/assets/stylesheets/application.css.sass:21
app/views/layouts/application.html.erb:7:in `_app_views_layouts_application_html_erb__562728656_72041652'
  Rendering C:/RailsInstaller/Ruby2.3.0/lib/ruby/gems/2.3.0/gems/actionpack-5.0.2/lib/action_dispatch/middleware/templates/rescues/template_error.html.erb within rescues/layout
  Rendering C:/RailsInstaller/Ruby2.3.0/lib/ruby/gems/2.3.0/gems/actionpack-5.0.2/lib/action_dispatch/middleware/templates/rescues/_source.html.erb
  Rendered C:/RailsInstaller/Ruby2.3.0/lib/ruby/gems/2.3.0/gems/actionpack-5.0.2/lib/action_dispatch/middleware/templates/rescues/_source.html.erb (5.0ms)
  Rendering C:/RailsInstaller/Ruby2.3.0/lib/ruby/gems/2.3.0/gems/actionpack-5.0.2/lib/action_dispatch/middleware/templates/rescues/_trace.html.erb
  Rendered C:/RailsInstaller/Ruby2.3.0/lib/ruby/gems/2.3.0/gems/actionpack-5.0.2/lib/action_dispatch/middleware/templates/rescues/_trace.html.erb (2.0ms)
  Rendering C:/RailsInstaller/Ruby2.3.0/lib/ruby/gems/2.3.0/gems/actionpack-5.0.2/lib/action_dispatch/middleware/templates/rescues/_request_and_response.html.erb
  Rendered C:/RailsInstaller/Ruby2.3.0/lib/ruby/gems/2.3.0/gems/actionpack-5.0.2/lib/action_dispatch/middleware/templates/rescues/_request_and_response.html.erb (0.0ms)
  Rendered C:/RailsInstaller/Ruby2.3.0/lib/ruby/gems/2.3.0/gems/actionpack-5.0.2/lib/action_dispatch/middleware/templates/rescues/template_error.html.erb within rescues/layout (1088.1ms)
Started GET "/" for ::1 at 2017-03-06 20:00:07 +0100
Processing by WelcomeController#index as HTML
  Rendering welcome/index.html.erb within layouts/application
  Rendered welcome/index.html.erb within layouts/application (1.0ms)
Completed 500 Internal Server Error in 90ms (ActiveRecord: 0.0ms)


  
ActionView::Template::Error (Properties are only allowed within rules, directives, mixin includes, or other properties.):
    4:     <title>Flicks</title>
    5:     <%= csrf_meta_tags %>
    6: 
    7:     <%= stylesheet_link_tag    'application', media: 'all', 'data-turbolinks-track': 'reload' %>
    8:     <%= javascript_include_tag 'application', 'data-turbolinks-track': 'reload' %>
    9:   </head>
   10: 
  
app/assets/stylesheets/application.css.sass:22
app/views/layouts/application.html.erb:7:in `_app_views_layouts_application_html_erb__562728656_80306676'
  Rendering C:/RailsInstaller/Ruby2.3.0/lib/ruby/gems/2.3.0/gems/actionpack-5.0.2/lib/action_dispatch/middleware/templates/rescues/template_error.html.erb within rescues/layout
  Rendering C:/RailsInstaller/Ruby2.3.0/lib/ruby/gems/2.3.0/gems/actionpack-5.0.2/lib/action_dispatch/middleware/templates/rescues/_source.html.erb
  Rendered C:/RailsInstaller/Ruby2.3.0/lib/ruby/gems/2.3.0/gems/actionpack-5.0.2/lib/action_dispatch/middleware/templates/rescues/_source.html.erb (5.0ms)
  Rendering C:/RailsInstaller/Ruby2.3.0/lib/ruby/gems/2.3.0/gems/actionpack-5.0.2/lib/action_dispatch/middleware/templates/rescues/_trace.html.erb
  Rendered C:/RailsInstaller/Ruby2.3.0/lib/ruby/gems/2.3.0/gems/actionpack-5.0.2/lib/action_dispatch/middleware/templates/rescues/_trace.html.erb (2.0ms)
  Rendering C:/RailsInstaller/Ruby2.3.0/lib/ruby/gems/2.3.0/gems/actionpack-5.0.2/lib/action_dispatch/middleware/templates/rescues/_request_and_response.html.erb
  Rendered C:/RailsInstaller/Ruby2.3.0/lib/ruby/gems/2.3.0/gems/actionpack-5.0.2/lib/action_dispatch/middleware/templates/rescues/_request_and_response.html.erb (1.0ms)
  Rendered C:/RailsInstaller/Ruby2.3.0/lib/ruby/gems/2.3.0/gems/actionpack-5.0.2/lib/action_dispatch/middleware/templates/rescues/template_error.html.erb within rescues/layout (1092.1ms)
Started GET "/" for ::1 at 2017-03-06 20:01:58 +0100
Processing by WelcomeController#index as HTML
  Rendering welcome/index.html.erb within layouts/application
  Rendered welcome/index.html.erb within layouts/application (0.0ms)
Completed 500 Internal Server Error in 91ms (ActiveRecord: 0.0ms)


  
ActionView::Template::Error (Properties are only allowed within rules, directives, mixin includes, or other properties.):
    4:     <title>Flicks</title>
    5:     <%= csrf_meta_tags %>
    6: 
    7:     <%= stylesheet_link_tag    'application', media: 'all', 'data-turbolinks-track': 'reload' %>
    8:     <%= javascript_include_tag 'application', 'data-turbolinks-track': 'reload' %>
    9:   </head>
   10: 
  
app/assets/stylesheets/application.css.sass:23
app/views/layouts/application.html.erb:7:in `_app_views_layouts_application_html_erb__562728656_106354872'
  Rendering C:/RailsInstaller/Ruby2.3.0/lib/ruby/gems/2.3.0/gems/actionpack-5.0.2/lib/action_dispatch/middleware/templates/rescues/template_error.html.erb within rescues/layout
  Rendering C:/RailsInstaller/Ruby2.3.0/lib/ruby/gems/2.3.0/gems/actionpack-5.0.2/lib/action_dispatch/middleware/templates/rescues/_source.html.erb
  Rendered C:/RailsInstaller/Ruby2.3.0/lib/ruby/gems/2.3.0/gems/actionpack-5.0.2/lib/action_dispatch/middleware/templates/rescues/_source.html.erb (5.0ms)
  Rendering C:/RailsInstaller/Ruby2.3.0/lib/ruby/gems/2.3.0/gems/actionpack-5.0.2/lib/action_dispatch/middleware/templates/rescues/_trace.html.erb
  Rendered C:/RailsInstaller/Ruby2.3.0/lib/ruby/gems/2.3.0/gems/actionpack-5.0.2/lib/action_dispatch/middleware/templates/rescues/_trace.html.erb (2.0ms)
  Rendering C:/RailsInstaller/Ruby2.3.0/lib/ruby/gems/2.3.0/gems/actionpack-5.0.2/lib/action_dispatch/middleware/templates/rescues/_request_and_response.html.erb
  Rendered C:/RailsInstaller/Ruby2.3.0/lib/ruby/gems/2.3.0/gems/actionpack-5.0.2/lib/action_dispatch/middleware/templates/rescues/_request_and_response.html.erb (1.0ms)
  Rendered C:/RailsInstaller/Ruby2.3.0/lib/ruby/gems/2.3.0/gems/actionpack-5.0.2/lib/action_dispatch/middleware/templates/rescues/template_error.html.erb within rescues/layout (1131.1ms)
Started GET "/" for ::1 at 2017-03-06 20:02:14 +0100
Processing by WelcomeController#index as HTML
  Rendering welcome/index.html.erb within layouts/application
  Rendered welcome/index.html.erb within layouts/application (0.0ms)
Completed 500 Internal Server Error in 88ms (ActiveRecord: 0.0ms)


  
ActionView::Template::Error (Invalid CSS after "40px 15px": expected expression (e.g. 1px, bold), was ";"):
    4:     <title>Flicks</title>
    5:     <%= csrf_meta_tags %>
    6: 
    7:     <%= stylesheet_link_tag    'application', media: 'all', 'data-turbolinks-track': 'reload' %>
    8:     <%= javascript_include_tag 'application', 'data-turbolinks-track': 'reload' %>
    9:   </head>
   10: 
  
app/assets/stylesheets/application.css.sass:23
app/views/layouts/application.html.erb:7:in `_app_views_layouts_application_html_erb__562728656_81689388'
  Rendering C:/RailsInstaller/Ruby2.3.0/lib/ruby/gems/2.3.0/gems/actionpack-5.0.2/lib/action_dispatch/middleware/templates/rescues/template_error.html.erb within rescues/layout
  Rendering C:/RailsInstaller/Ruby2.3.0/lib/ruby/gems/2.3.0/gems/actionpack-5.0.2/lib/action_dispatch/middleware/templates/rescues/_source.html.erb
  Rendered C:/RailsInstaller/Ruby2.3.0/lib/ruby/gems/2.3.0/gems/actionpack-5.0.2/lib/action_dispatch/middleware/templates/rescues/_source.html.erb (4.0ms)
  Rendering C:/RailsInstaller/Ruby2.3.0/lib/ruby/gems/2.3.0/gems/actionpack-5.0.2/lib/action_dispatch/middleware/templates/rescues/_trace.html.erb
  Rendered C:/RailsInstaller/Ruby2.3.0/lib/ruby/gems/2.3.0/gems/actionpack-5.0.2/lib/action_dispatch/middleware/templates/rescues/_trace.html.erb (1.0ms)
  Rendering C:/RailsInstaller/Ruby2.3.0/lib/ruby/gems/2.3.0/gems/actionpack-5.0.2/lib/action_dispatch/middleware/templates/rescues/_request_and_response.html.erb
  Rendered C:/RailsInstaller/Ruby2.3.0/lib/ruby/gems/2.3.0/gems/actionpack-5.0.2/lib/action_dispatch/middleware/templates/rescues/_request_and_response.html.erb (1.0ms)
  Rendered C:/RailsInstaller/Ruby2.3.0/lib/ruby/gems/2.3.0/gems/actionpack-5.0.2/lib/action_dispatch/middleware/templates/rescues/template_error.html.erb within rescues/layout (1141.1ms)
Started GET "/" for ::1 at 2017-03-06 20:02:32 +0100
Processing by WelcomeController#index as HTML
  Rendering welcome/index.html.erb within layouts/application
  Rendered welcome/index.html.erb within layouts/application (0.0ms)
Completed 500 Internal Server Error in 94ms (ActiveRecord: 0.0ms)


  
ActionView::Template::Error (Properties are only allowed within rules, directives, mixin includes, or other properties.):
    4:     <title>Flicks</title>
    5:     <%= csrf_meta_tags %>
    6: 
    7:     <%= stylesheet_link_tag    'application', media: 'all', 'data-turbolinks-track': 'reload' %>
    8:     <%= javascript_include_tag 'application', 'data-turbolinks-track': 'reload' %>
    9:   </head>
   10: 
  
app/assets/stylesheets/application.css.sass:23
app/views/layouts/application.html.erb:7:in `_app_views_layouts_application_html_erb__562728656_84335844'
  Rendering C:/RailsInstaller/Ruby2.3.0/lib/ruby/gems/2.3.0/gems/actionpack-5.0.2/lib/action_dispatch/middleware/templates/rescues/template_error.html.erb within rescues/layout
  Rendering C:/RailsInstaller/Ruby2.3.0/lib/ruby/gems/2.3.0/gems/actionpack-5.0.2/lib/action_dispatch/middleware/templates/rescues/_source.html.erb
  Rendered C:/RailsInstaller/Ruby2.3.0/lib/ruby/gems/2.3.0/gems/actionpack-5.0.2/lib/action_dispatch/middleware/templates/rescues/_source.html.erb (4.0ms)
  Rendering C:/RailsInstaller/Ruby2.3.0/lib/ruby/gems/2.3.0/gems/actionpack-5.0.2/lib/action_dispatch/middleware/templates/rescues/_trace.html.erb
  Rendered C:/RailsInstaller/Ruby2.3.0/lib/ruby/gems/2.3.0/gems/actionpack-5.0.2/lib/action_dispatch/middleware/templates/rescues/_trace.html.erb (9.0ms)
  Rendering C:/RailsInstaller/Ruby2.3.0/lib/ruby/gems/2.3.0/gems/actionpack-5.0.2/lib/action_dispatch/middleware/templates/rescues/_request_and_response.html.erb
  Rendered C:/RailsInstaller/Ruby2.3.0/lib/ruby/gems/2.3.0/gems/actionpack-5.0.2/lib/action_dispatch/middleware/templates/rescues/_request_and_response.html.erb (1.0ms)
  Rendered C:/RailsInstaller/Ruby2.3.0/lib/ruby/gems/2.3.0/gems/actionpack-5.0.2/lib/action_dispatch/middleware/templates/rescues/template_error.html.erb within rescues/layout (1141.1ms)
Started GET "/" for ::1 at 2017-03-06 20:03:45 +0100
Processing by WelcomeController#index as HTML
  Rendering welcome/index.html.erb within layouts/application
  Rendered welcome/index.html.erb within layouts/application (0.0ms)
Completed 200 OK in 6099ms (Views: 6081.1ms | ActiveRecord: 0.0ms)


Started GET "/" for ::1 at 2017-03-06 20:04:25 +0100
Processing by WelcomeController#index as HTML
  Rendering welcome/index.html.erb within layouts/application
  Rendered welcome/index.html.erb within layouts/application (0.0ms)
Completed 200 OK in 6169ms (Views: 6155.4ms | ActiveRecord: 0.0ms)


Started GET "/" for ::1 at 2017-03-06 20:04:35 +0100
Processing by WelcomeController#index as HTML
  Rendering welcome/index.html.erb within layouts/application
  Rendered welcome/index.html.erb within layouts/application (1.0ms)
Completed 200 OK in 233ms (Views: 219.1ms | ActiveRecord: 0.0ms)


Started GET "/films" for ::1 at 2017-03-06 20:04:36 +0100
Processing by FilmsController#index as HTML
  Rendering films/index.html.erb within layouts/application
  [1m[36mFilm Load (1.0ms)[0m  [1m[34mSELECT "films".* FROM "films"[0m
  Rendered films/index.html.erb within layouts/application (5.0ms)
Completed 200 OK in 251ms (Views: 232.7ms | ActiveRecord: 1.0ms)


Started GET "/films" for ::1 at 2017-03-06 20:04:36 +0100
Processing by FilmsController#index as HTML
  Rendering films/index.html.erb within layouts/application
  [1m[36mFilm Load (0.0ms)[0m  [1m[34mSELECT "films".* FROM "films"[0m
  Rendered films/index.html.erb within layouts/application (2.0ms)
Completed 200 OK in 238ms (Views: 224.5ms | ActiveRecord: 0.0ms)


Started GET "/films" for ::1 at 2017-03-06 20:04:38 +0100
Processing by FilmsController#index as HTML
  Rendering films/index.html.erb within layouts/application
  [1m[36mFilm Load (0.0ms)[0m  [1m[34mSELECT "films".* FROM "films"[0m
  Rendered films/index.html.erb within layouts/application (1.0ms)
Completed 200 OK in 237ms (Views: 224.2ms | ActiveRecord: 0.0ms)


Started GET "/films" for ::1 at 2017-03-06 20:05:31 +0100
Processing by FilmsController#index as HTML
  Rendering films/index.html.erb within layouts/application
  [1m[36mFilm Load (0.0ms)[0m  [1m[34mSELECT "films".* FROM "films"[0m
  Rendered films/index.html.erb within layouts/application (2.0ms)
Completed 200 OK in 5894ms (Views: 5880.1ms | ActiveRecord: 0.0ms)


Started GET "/films" for ::1 at 2017-03-06 20:06:08 +0100
Processing by FilmsController#index as HTML
  Rendering films/index.html.erb within layouts/application
  [1m[36mFilm Load (0.0ms)[0m  [1m[34mSELECT "films".* FROM "films"[0m
  Rendered films/index.html.erb within layouts/application (1.0ms)
Completed 200 OK in 5976ms (Views: 5962.8ms | ActiveRecord: 0.0ms)


Started GET "/films" for ::1 at 2017-03-06 20:06:23 +0100
Processing by FilmsController#index as HTML
  Rendering films/index.html.erb within layouts/application
  [1m[36mFilm Load (0.0ms)[0m  [1m[34mSELECT "films".* FROM "films"[0m
  Rendered films/index.html.erb within layouts/application (1.0ms)
Completed 200 OK in 234ms (Views: 219.7ms | ActiveRecord: 0.0ms)


Started GET "/films" for ::1 at 2017-03-06 20:06:34 +0100
Processing by FilmsController#index as HTML
  Rendering films/index.html.erb within layouts/application
  [1m[36mFilm Load (0.0ms)[0m  [1m[34mSELECT "films".* FROM "films"[0m
  Rendered films/index.html.erb within layouts/application (1.0ms)
Completed 200 OK in 266ms (Views: 252.5ms | ActiveRecord: 0.0ms)


Started GET "/films" for ::1 at 2017-03-06 20:07:17 +0100
Processing by FilmsController#index as HTML
  Rendering films/index.html.erb within layouts/application
  [1m[36mFilm Load (1.0ms)[0m  [1m[34mSELECT "films".* FROM "films"[0m
  Rendered films/index.html.erb within layouts/application (1.0ms)
Completed 200 OK in 5937ms (Views: 5921.6ms | ActiveRecord: 1.0ms)


Started GET "/films" for ::1 at 2017-03-06 20:07:27 +0100
Processing by FilmsController#index as HTML
  Rendering films/index.html.erb within layouts/application
  [1m[36mFilm Load (0.0ms)[0m  [1m[34mSELECT "films".* FROM "films"[0m
  Rendered films/index.html.erb within layouts/application (1.0ms)
Completed 200 OK in 234ms (Views: 219.9ms | ActiveRecord: 0.0ms)


Started GET "/films" for ::1 at 2017-03-06 20:08:48 +0100
Processing by FilmsController#index as HTML
  Rendering films/index.html.erb within layouts/application
  [1m[36mFilm Load (0.0ms)[0m  [1m[34mSELECT "films".* FROM "films"[0m
  Rendered films/index.html.erb within layouts/application (1.0ms)
Completed 200 OK in 6047ms (Views: 6034.4ms | ActiveRecord: 0.0ms)


Started GET "/films" for ::1 at 2017-03-06 20:10:30 +0100
Processing by FilmsController#index as HTML
  Rendering films/index.html.erb within layouts/application
  [1m[36mFilm Load (1.0ms)[0m  [1m[34mSELECT "films".* FROM "films"[0m
  Rendered films/index.html.erb within layouts/application (1.0ms)
Completed 200 OK in 253ms (Views: 238.1ms | ActiveRecord: 1.0ms)


Started GET "/films" for ::1 at 2017-03-06 20:10:34 +0100
Processing by FilmsController#index as HTML
  Rendering films/index.html.erb within layouts/application
  [1m[36mFilm Load (0.0ms)[0m  [1m[34mSELECT "films".* FROM "films"[0m
  Rendered films/index.html.erb within layouts/application (0.0ms)
Completed 200 OK in 222ms (Views: 213.0ms | ActiveRecord: 0.0ms)


Started GET "/" for ::1 at 2017-03-06 20:11:54 +0100
Processing by WelcomeController#index as HTML
  Rendering welcome/index.html.erb within layouts/application
  Rendered welcome/index.html.erb within layouts/application (1.0ms)
Completed 200 OK in 235ms (Views: 221.7ms | ActiveRecord: 0.0ms)


Started GET "/films" for ::1 at 2017-03-06 20:11:58 +0100
Processing by FilmsController#index as HTML
  Rendering films/index.html.erb within layouts/application
  [1m[36mFilm Load (0.0ms)[0m  [1m[34mSELECT "films".* FROM "films"[0m
  Rendered films/index.html.erb within layouts/application (0.0ms)
Completed 200 OK in 221ms (Views: 209.5ms | ActiveRecord: 0.0ms)


Started GET "/films" for ::1 at 2017-03-06 20:13:16 +0100
Processing by FilmsController#index as HTML
  Rendering films/index.html.erb within layouts/application
  [1m[36mFilm Load (0.0ms)[0m  [1m[34mSELECT "films".* FROM "films"[0m
  Rendered films/index.html.erb within layouts/application (1.0ms)
Completed 200 OK in 246ms (Views: 231.7ms | ActiveRecord: 0.0ms)


Started GET "/films" for ::1 at 2017-03-06 20:13:17 +0100
Processing by FilmsController#index as HTML
  Rendering films/index.html.erb within layouts/application
  [1m[36mFilm Load (0.0ms)[0m  [1m[34mSELECT "films".* FROM "films"[0m
  Rendered films/index.html.erb within layouts/application (0.0ms)
Completed 200 OK in 213ms (Views: 211.4ms | ActiveRecord: 0.0ms)


Started GET "/films" for ::1 at 2017-03-06 20:13:17 +0100
Processing by FilmsController#index as HTML
  Rendering films/index.html.erb within layouts/application
  [1m[36mFilm Load (0.0ms)[0m  [1m[34mSELECT "films".* FROM "films"[0m
  Rendered films/index.html.erb within layouts/application (0.0ms)
Completed 200 OK in 216ms (Views: 209.2ms | ActiveRecord: 0.0ms)


Started GET "/" for ::1 at 2017-03-06 20:13:19 +0100
Processing by WelcomeController#index as HTML
  Rendering welcome/index.html.erb within layouts/application
  Rendered welcome/index.html.erb within layouts/application (0.0ms)
Completed 200 OK in 232ms (Views: 218.8ms | ActiveRecord: 0.0ms)


Started GET "/" for ::1 at 2017-03-06 20:14:05 +0100
Processing by WelcomeController#index as HTML
  Rendering welcome/index.html.erb within layouts/application
  Rendered welcome/index.html.erb within layouts/application (1.0ms)
Completed 200 OK in 245ms (Views: 231.5ms | ActiveRecord: 0.0ms)


Started GET "/films" for ::1 at 2017-03-06 20:14:09 +0100
Processing by FilmsController#index as HTML
  Rendering films/index.html.erb within layouts/application
  [1m[36mFilm Load (0.0ms)[0m  [1m[34mSELECT "films".* FROM "films"[0m
  Rendered films/index.html.erb within layouts/application (0.0ms)
Completed 200 OK in 225ms (Views: 224.0ms | ActiveRecord: 0.0ms)


Started GET "/films" for ::1 at 2017-03-06 20:16:26 +0100
Processing by FilmsController#index as HTML
  Rendering films/index.html.erb within layouts/application
  [1m[36mFilm Load (0.0ms)[0m  [1m[34mSELECT "films".* FROM "films"[0m
  Rendered films/index.html.erb within layouts/application (96.0ms)
Completed 500 Internal Server Error in 150ms (ActiveRecord: 0.0ms)


  
ActionView::Template::Error (undefined local variable or method `favicon' for #<#<Class:0xb03ee60>:0x9d94c58>):
     9: 	</tr>
    10: 	<% @films.each do |f| %>
    11: 	<tr>
    12: 		<td><%= favicon.title %></td>
    13: 		<td><%= f.director %></td>
    14: 		<td><%= f.year %></td>
    15: 		<td>
  
app/views/films/index.html.erb:12:in `block in _app_views_films_index_html_erb__197431022_82618752'
app/views/films/index.html.erb:10:in `_app_views_films_index_html_erb__197431022_82618752'
  Rendering C:/RailsInstaller/Ruby2.3.0/lib/ruby/gems/2.3.0/gems/actionpack-5.0.2/lib/action_dispatch/middleware/templates/rescues/template_error.html.erb within rescues/layout
  Rendering C:/RailsInstaller/Ruby2.3.0/lib/ruby/gems/2.3.0/gems/actionpack-5.0.2/lib/action_dispatch/middleware/templates/rescues/_source.html.erb
  Rendered C:/RailsInstaller/Ruby2.3.0/lib/ruby/gems/2.3.0/gems/actionpack-5.0.2/lib/action_dispatch/middleware/templates/rescues/_source.html.erb (3.0ms)
  Rendering C:/RailsInstaller/Ruby2.3.0/lib/ruby/gems/2.3.0/gems/actionpack-5.0.2/lib/action_dispatch/middleware/templates/rescues/_trace.html.erb
  Rendered C:/RailsInstaller/Ruby2.3.0/lib/ruby/gems/2.3.0/gems/actionpack-5.0.2/lib/action_dispatch/middleware/templates/rescues/_trace.html.erb (2.0ms)
  Rendering C:/RailsInstaller/Ruby2.3.0/lib/ruby/gems/2.3.0/gems/actionpack-5.0.2/lib/action_dispatch/middleware/templates/rescues/_request_and_response.html.erb
  Rendered C:/RailsInstaller/Ruby2.3.0/lib/ruby/gems/2.3.0/gems/actionpack-5.0.2/lib/action_dispatch/middleware/templates/rescues/_request_and_response.html.erb (1.0ms)
  Rendered C:/RailsInstaller/Ruby2.3.0/lib/ruby/gems/2.3.0/gems/actionpack-5.0.2/lib/action_dispatch/middleware/templates/rescues/template_error.html.erb within rescues/layout (1110.1ms)
Started GET "/films" for ::1 at 2017-03-06 20:16:39 +0100
Processing by FilmsController#index as HTML
  Rendering films/index.html.erb within layouts/application
  [1m[36mFilm Load (0.0ms)[0m  [1m[34mSELECT "films".* FROM "films"[0m
  Rendered films/index.html.erb within layouts/application (103.0ms)
Completed 500 Internal Server Error in 161ms (ActiveRecord: 0.0ms)


  
ActionView::Template::Error (undefined local variable or method `c' for #<#<Class:0xb03ee60>:0x960ea78>):
    13: 		<td><%= f.director %></td>
    14: 		<td><%= f.year %></td>
    15: 		<td>
    16: 			<%= link_to "", c, class: "btn btn-xs btn-info btn-circle btn-outline glyphicon glyphicon-eye-open" %>
    17: 		</td>
    18: 	</tr>
    19: 	<% end %>
  
app/views/films/index.html.erb:16:in `block in _app_views_films_index_html_erb__197431022_78674004'
app/views/films/index.html.erb:10:in `_app_views_films_index_html_erb__197431022_78674004'
  Rendering C:/RailsInstaller/Ruby2.3.0/lib/ruby/gems/2.3.0/gems/actionpack-5.0.2/lib/action_dispatch/middleware/templates/rescues/template_error.html.erb within rescues/layout
  Rendering C:/RailsInstaller/Ruby2.3.0/lib/ruby/gems/2.3.0/gems/actionpack-5.0.2/lib/action_dispatch/middleware/templates/rescues/_source.html.erb
  Rendered C:/RailsInstaller/Ruby2.3.0/lib/ruby/gems/2.3.0/gems/actionpack-5.0.2/lib/action_dispatch/middleware/templates/rescues/_source.html.erb (3.0ms)
  Rendering C:/RailsInstaller/Ruby2.3.0/lib/ruby/gems/2.3.0/gems/actionpack-5.0.2/lib/action_dispatch/middleware/templates/rescues/_trace.html.erb
  Rendered C:/RailsInstaller/Ruby2.3.0/lib/ruby/gems/2.3.0/gems/actionpack-5.0.2/lib/action_dispatch/middleware/templates/rescues/_trace.html.erb (1.0ms)
  Rendering C:/RailsInstaller/Ruby2.3.0/lib/ruby/gems/2.3.0/gems/actionpack-5.0.2/lib/action_dispatch/middleware/templates/rescues/_request_and_response.html.erb
  Rendered C:/RailsInstaller/Ruby2.3.0/lib/ruby/gems/2.3.0/gems/actionpack-5.0.2/lib/action_dispatch/middleware/templates/rescues/_request_and_response.html.erb (1.0ms)
  Rendered C:/RailsInstaller/Ruby2.3.0/lib/ruby/gems/2.3.0/gems/actionpack-5.0.2/lib/action_dispatch/middleware/templates/rescues/template_error.html.erb within rescues/layout (1107.1ms)
Started GET "/films" for ::1 at 2017-03-06 20:16:56 +0100
Processing by FilmsController#index as HTML
  Rendering films/index.html.erb within layouts/application
  [1m[36mFilm Load (0.0ms)[0m  [1m[34mSELECT "films".* FROM "films"[0m
  Rendered films/index.html.erb within layouts/application (1.0ms)
Completed 200 OK in 243ms (Views: 228.5ms | ActiveRecord: 0.0ms)


Started GET "/films/1" for ::1 at 2017-03-06 20:16:58 +0100
Processing by FilmsController#show as HTML
  Parameters: {"id"=>"1"}
  [1m[36mFilm Load (0.0ms)[0m  [1m[34mSELECT  "films".* FROM "films" WHERE "films"."id" = ? LIMIT ?[0m  [["id", 1], ["LIMIT", 1]]
  Rendering films/show.html.erb within layouts/application
  Rendered films/show.html.erb within layouts/application (0.0ms)
Completed 200 OK in 236ms (Views: 217.0ms | ActiveRecord: 0.0ms)


Started GET "/films" for ::1 at 2017-03-06 20:18:37 +0100
Processing by FilmsController#index as HTML
  Rendering films/index.html.erb within layouts/application
  [1m[36mFilm Load (1.0ms)[0m  [1m[34mSELECT "films".* FROM "films"[0m
  Rendered films/index.html.erb within layouts/application (1.0ms)
Completed 200 OK in 234ms (Views: 219.6ms | ActiveRecord: 1.0ms)


Started GET "/films/new" for ::1 at 2017-03-06 20:18:40 +0100
Processing by FilmsController#new as HTML
  Rendering films/new.html.erb within layouts/application
  Rendered films/new.html.erb within layouts/application (13.0ms)
Completed 500 Internal Server Error in 68ms (ActiveRecord: 0.0ms)


  
ActionView::Template::Error (First argument in form cannot contain nil or be empty):
    1: <h1 class="text-center none-margin-top-bottom">Add new corpse</h1>
    2: 
    3: <div class="container">
    4: 	<%= form_for @films do |f| %>
    5: 		<div class="form-group">
    6: 			<%= f.label :title, class: "col-sm-2 control-label" %>
    7: 			<div class="col-sm-10">
  
app/views/films/new.html.erb:4:in `_app_views_films_new_html_erb__801463869_123650196'
  Rendering C:/RailsInstaller/Ruby2.3.0/lib/ruby/gems/2.3.0/gems/actionpack-5.0.2/lib/action_dispatch/middleware/templates/rescues/template_error.html.erb within rescues/layout
  Rendering C:/RailsInstaller/Ruby2.3.0/lib/ruby/gems/2.3.0/gems/actionpack-5.0.2/lib/action_dispatch/middleware/templates/rescues/_source.html.erb
  Rendered C:/RailsInstaller/Ruby2.3.0/lib/ruby/gems/2.3.0/gems/actionpack-5.0.2/lib/action_dispatch/middleware/templates/rescues/_source.html.erb (4.0ms)
  Rendering C:/RailsInstaller/Ruby2.3.0/lib/ruby/gems/2.3.0/gems/actionpack-5.0.2/lib/action_dispatch/middleware/templates/rescues/_trace.html.erb
  Rendered C:/RailsInstaller/Ruby2.3.0/lib/ruby/gems/2.3.0/gems/actionpack-5.0.2/lib/action_dispatch/middleware/templates/rescues/_trace.html.erb (2.0ms)
  Rendering C:/RailsInstaller/Ruby2.3.0/lib/ruby/gems/2.3.0/gems/actionpack-5.0.2/lib/action_dispatch/middleware/templates/rescues/_request_and_response.html.erb
  Rendered C:/RailsInstaller/Ruby2.3.0/lib/ruby/gems/2.3.0/gems/actionpack-5.0.2/lib/action_dispatch/middleware/templates/rescues/_request_and_response.html.erb (0.0ms)
  Rendered C:/RailsInstaller/Ruby2.3.0/lib/ruby/gems/2.3.0/gems/actionpack-5.0.2/lib/action_dispatch/middleware/templates/rescues/template_error.html.erb within rescues/layout (1079.1ms)
Started GET "/films/new" for ::1 at 2017-03-06 20:19:52 +0100
Processing by FilmsController#new as HTML
  Rendering films/new.html.erb within layouts/application
  Rendered films/new.html.erb within layouts/application (124.0ms)
Completed 500 Internal Server Error in 179ms (ActiveRecord: 0.0ms)


  
ActionView::Template::Error (undefined local variable or method `corpses_path' for #<#<Class:0xb03ee60>:0xf141bd0>):
    26: 		<div class="form-group">
    27: 			<div class="text-center">
    28: 				<button type="submit" class="btn btn-success btn-circle btn-outline glyphicon glyphicon-ok"></button>
    29: 				<%= link_to "", corpses_path, class: "btn btn-default btn-circle btn-outline glyphicon glyphicon-arrow-left" %>
    30: 			</div>
    31: 		</div>
    32: 	<% end %>
  
app/views/films/new.html.erb:29:in `block in _app_views_films_new_html_erb__801463869_126488784'
app/views/films/new.html.erb:4:in `_app_views_films_new_html_erb__801463869_126488784'
  Rendering C:/RailsInstaller/Ruby2.3.0/lib/ruby/gems/2.3.0/gems/actionpack-5.0.2/lib/action_dispatch/middleware/templates/rescues/template_error.html.erb within rescues/layout
  Rendering C:/RailsInstaller/Ruby2.3.0/lib/ruby/gems/2.3.0/gems/actionpack-5.0.2/lib/action_dispatch/middleware/templates/rescues/_source.html.erb
  Rendered C:/RailsInstaller/Ruby2.3.0/lib/ruby/gems/2.3.0/gems/actionpack-5.0.2/lib/action_dispatch/middleware/templates/rescues/_source.html.erb (3.0ms)
  Rendering C:/RailsInstaller/Ruby2.3.0/lib/ruby/gems/2.3.0/gems/actionpack-5.0.2/lib/action_dispatch/middleware/templates/rescues/_trace.html.erb
  Rendered C:/RailsInstaller/Ruby2.3.0/lib/ruby/gems/2.3.0/gems/actionpack-5.0.2/lib/action_dispatch/middleware/templates/rescues/_trace.html.erb (2.0ms)
  Rendering C:/RailsInstaller/Ruby2.3.0/lib/ruby/gems/2.3.0/gems/actionpack-5.0.2/lib/action_dispatch/middleware/templates/rescues/_request_and_response.html.erb
  Rendered C:/RailsInstaller/Ruby2.3.0/lib/ruby/gems/2.3.0/gems/actionpack-5.0.2/lib/action_dispatch/middleware/templates/rescues/_request_and_response.html.erb (1.0ms)
  Rendered C:/RailsInstaller/Ruby2.3.0/lib/ruby/gems/2.3.0/gems/actionpack-5.0.2/lib/action_dispatch/middleware/templates/rescues/template_error.html.erb within rescues/layout (1110.1ms)
Started GET "/films/new" for ::1 at 2017-03-06 20:20:11 +0100
Processing by FilmsController#new as HTML
  Rendering films/new.html.erb within layouts/application
  Rendered films/new.html.erb within layouts/application (1.0ms)
Completed 200 OK in 243ms (Views: 227.0ms | ActiveRecord: 0.0ms)


Started GET "/films" for ::1 at 2017-03-06 20:20:14 +0100
Processing by FilmsController#index as HTML
  Rendering films/index.html.erb within layouts/application
  [1m[36mFilm Load (0.0ms)[0m  [1m[34mSELECT "films".* FROM "films"[0m
  Rendered films/index.html.erb within layouts/application (1.0ms)
Completed 200 OK in 261ms (Views: 247.4ms | ActiveRecord: 0.0ms)


Started GET "/films" for ::1 at 2017-03-06 20:21:13 +0100
Processing by FilmsController#index as HTML
  Rendering films/index.html.erb within layouts/application
  [1m[36mFilm Load (1.0ms)[0m  [1m[34mSELECT "films".* FROM "films"[0m
  Rendered films/index.html.erb within layouts/application (1.0ms)
Completed 200 OK in 260ms (Views: 245.4ms | ActiveRecord: 1.0ms)


Started GET "/films" for ::1 at 2017-03-06 20:21:29 +0100
Processing by FilmsController#index as HTML
  Rendering films/index.html.erb within layouts/application
  [1m[36mFilm Load (0.0ms)[0m  [1m[34mSELECT "films".* FROM "films"[0m
  Rendered films/index.html.erb within layouts/application (98.0ms)
Completed 500 Internal Server Error in 152ms (ActiveRecord: 0.0ms)


  
ActionView::Template::Error (undefined local variable or method `new' for #<#<Class:0xb03ee60>:0xad630d0>):
    18: 	</tr>
    19: 	<% end %>
    20: 	</table>
    21:   <%= link_to "new", new,class: "btn btn-default btn-circle btn-outline glyphicon glyphicon-arrow-left" %>
    22: </div>
  
app/views/films/index.html.erb:21:in `_app_views_films_index_html_erb__197431022_90905448'
  Rendering C:/RailsInstaller/Ruby2.3.0/lib/ruby/gems/2.3.0/gems/actionpack-5.0.2/lib/action_dispatch/middleware/templates/rescues/template_error.html.erb within rescues/layout
  Rendering C:/RailsInstaller/Ruby2.3.0/lib/ruby/gems/2.3.0/gems/actionpack-5.0.2/lib/action_dispatch/middleware/templates/rescues/_source.html.erb
  Rendered C:/RailsInstaller/Ruby2.3.0/lib/ruby/gems/2.3.0/gems/actionpack-5.0.2/lib/action_dispatch/middleware/templates/rescues/_source.html.erb (4.0ms)
  Rendering C:/RailsInstaller/Ruby2.3.0/lib/ruby/gems/2.3.0/gems/actionpack-5.0.2/lib/action_dispatch/middleware/templates/rescues/_trace.html.erb
  Rendered C:/RailsInstaller/Ruby2.3.0/lib/ruby/gems/2.3.0/gems/actionpack-5.0.2/lib/action_dispatch/middleware/templates/rescues/_trace.html.erb (2.0ms)
  Rendering C:/RailsInstaller/Ruby2.3.0/lib/ruby/gems/2.3.0/gems/actionpack-5.0.2/lib/action_dispatch/middleware/templates/rescues/_request_and_response.html.erb
  Rendered C:/RailsInstaller/Ruby2.3.0/lib/ruby/gems/2.3.0/gems/actionpack-5.0.2/lib/action_dispatch/middleware/templates/rescues/_request_and_response.html.erb (1.0ms)
  Rendered C:/RailsInstaller/Ruby2.3.0/lib/ruby/gems/2.3.0/gems/actionpack-5.0.2/lib/action_dispatch/middleware/templates/rescues/template_error.html.erb within rescues/layout (1112.1ms)
Started GET "/films" for ::1 at 2017-03-06 20:22:25 +0100
Processing by FilmsController#index as HTML
  Rendering films/index.html.erb within layouts/application
  [1m[36mFilm Load (0.0ms)[0m  [1m[34mSELECT "films".* FROM "films"[0m
  Rendered films/index.html.erb within layouts/application (114.0ms)
Completed 500 Internal Server Error in 169ms (ActiveRecord: 0.0ms)


  
ActionView::Template::Error (undefined local variable or method `new_student_url' for #<#<Class:0xb03ee60>:0xbbf2330>):
    18: 	</tr>
    19: 	<% end %>
    20: 	</table>
    21:   <%= link_to "", new_student_url ,class: "btn btn-default btn-circle btn-outline glyphicon glyphicon-arrow-left" %>
    22: </div>
  
app/views/films/index.html.erb:21:in `_app_views_films_index_html_erb__197431022_98539068'
  Rendering C:/RailsInstaller/Ruby2.3.0/lib/ruby/gems/2.3.0/gems/actionpack-5.0.2/lib/action_dispatch/middleware/templates/rescues/template_error.html.erb within rescues/layout
  Rendering C:/RailsInstaller/Ruby2.3.0/lib/ruby/gems/2.3.0/gems/actionpack-5.0.2/lib/action_dispatch/middleware/templates/rescues/_source.html.erb
  Rendered C:/RailsInstaller/Ruby2.3.0/lib/ruby/gems/2.3.0/gems/actionpack-5.0.2/lib/action_dispatch/middleware/templates/rescues/_source.html.erb (3.0ms)
  Rendering C:/RailsInstaller/Ruby2.3.0/lib/ruby/gems/2.3.0/gems/actionpack-5.0.2/lib/action_dispatch/middleware/templates/rescues/_trace.html.erb
  Rendered C:/RailsInstaller/Ruby2.3.0/lib/ruby/gems/2.3.0/gems/actionpack-5.0.2/lib/action_dispatch/middleware/templates/rescues/_trace.html.erb (2.0ms)
  Rendering C:/RailsInstaller/Ruby2.3.0/lib/ruby/gems/2.3.0/gems/actionpack-5.0.2/lib/action_dispatch/middleware/templates/rescues/_request_and_response.html.erb
  Rendered C:/RailsInstaller/Ruby2.3.0/lib/ruby/gems/2.3.0/gems/actionpack-5.0.2/lib/action_dispatch/middleware/templates/rescues/_request_and_response.html.erb (2.0ms)
  Rendered C:/RailsInstaller/Ruby2.3.0/lib/ruby/gems/2.3.0/gems/actionpack-5.0.2/lib/action_dispatch/middleware/templates/rescues/template_error.html.erb within rescues/layout (1118.1ms)
Started GET "/films" for ::1 at 2017-03-06 20:22:36 +0100
Processing by FilmsController#index as HTML
  Rendering films/index.html.erb within layouts/application
  [1m[36mFilm Load (0.0ms)[0m  [1m[34mSELECT "films".* FROM "films"[0m
  Rendered films/index.html.erb within layouts/application (1.0ms)
Completed 200 OK in 232ms (Views: 218.4ms | ActiveRecord: 0.0ms)


Started GET "/films" for ::1 at 2017-03-06 20:22:50 +0100
Processing by FilmsController#index as HTML
  Rendering films/index.html.erb within layouts/application
  [1m[36mFilm Load (0.0ms)[0m  [1m[34mSELECT "films".* FROM "films"[0m
  Rendered films/index.html.erb within layouts/application (1.0ms)
Completed 200 OK in 243ms (Views: 229.5ms | ActiveRecord: 0.0ms)


Started GET "/films" for ::1 at 2017-03-06 20:24:46 +0100
Processing by FilmsController#index as HTML
  Rendering films/index.html.erb within layouts/application
  [1m[36mFilm Load (0.0ms)[0m  [1m[34mSELECT "films".* FROM "films"[0m
  Rendered films/index.html.erb within layouts/application (1.0ms)
Completed 200 OK in 242ms (Views: 227.5ms | ActiveRecord: 0.0ms)


Started GET "/films/new" for ::1 at 2017-03-06 20:24:49 +0100
Processing by FilmsController#new as HTML
  Rendering films/new.html.erb within layouts/application
  Rendered films/new.html.erb within layouts/application (0.0ms)
Completed 200 OK in 218ms (Views: 206.6ms | ActiveRecord: 0.0ms)


Started GET "/films" for ::1 at 2017-03-06 20:24:51 +0100
Processing by FilmsController#index as HTML
  Rendering films/index.html.erb within layouts/application
  [1m[36mFilm Load (0.0ms)[0m  [1m[34mSELECT "films".* FROM "films"[0m
  Rendered films/index.html.erb within layouts/application (15.6ms)
Completed 200 OK in 209ms (Views: 203.8ms | ActiveRecord: 0.0ms)


Started GET "/films/1" for ::1 at 2017-03-06 20:24:53 +0100
Processing by FilmsController#show as HTML
  Parameters: {"id"=>"1"}
  [1m[36mFilm Load (0.0ms)[0m  [1m[34mSELECT  "films".* FROM "films" WHERE "films"."id" = ? LIMIT ?[0m  [["id", 1], ["LIMIT", 1]]
  Rendering films/show.html.erb within layouts/application
  Rendered films/show.html.erb within layouts/application (1.0ms)
Completed 200 OK in 218ms (Views: 207.7ms | ActiveRecord: 0.0ms)


Started GET "/films/1" for ::1 at 2017-03-06 20:27:12 +0100
Processing by FilmsController#show as HTML
  Parameters: {"id"=>"1"}
  [1m[36mFilm Load (0.0ms)[0m  [1m[34mSELECT  "films".* FROM "films" WHERE "films"."id" = ? LIMIT ?[0m  [["id", 1], ["LIMIT", 1]]
  Rendering films/show.html.erb within layouts/application
  Rendered films/show.html.erb within layouts/application (1.0ms)
Completed 200 OK in 231ms (Views: 216.3ms | ActiveRecord: 0.0ms)


Started GET "/films" for ::1 at 2017-03-06 20:27:31 +0100
Processing by FilmsController#index as HTML
  Rendering films/index.html.erb within layouts/application
  [1m[36mFilm Load (0.0ms)[0m  [1m[34mSELECT "films".* FROM "films"[0m
  Rendered films/index.html.erb within layouts/application (0.0ms)
Completed 200 OK in 215ms (Views: 208.1ms | ActiveRecord: 0.0ms)


Started GET "/films" for ::1 at 2017-03-06 20:27:34 +0100
Processing by FilmsController#index as HTML
  Rendering films/index.html.erb within layouts/application
  [1m[36mFilm Load (0.0ms)[0m  [1m[34mSELECT "films".* FROM "films"[0m
  Rendered films/index.html.erb within layouts/application (0.0ms)
Completed 200 OK in 226ms (Views: 213.8ms | ActiveRecord: 0.0ms)


Started GET "/films" for ::1 at 2017-03-06 20:27:35 +0100
Processing by FilmsController#index as HTML
  Rendering films/index.html.erb within layouts/application
  [1m[36mFilm Load (0.0ms)[0m  [1m[34mSELECT "films".* FROM "films"[0m
  Rendered films/index.html.erb within layouts/application (0.0ms)
Completed 200 OK in 224ms (Views: 220.3ms | ActiveRecord: 0.0ms)


Started GET "/films" for ::1 at 2017-03-06 20:27:35 +0100
Processing by FilmsController#index as HTML
  Rendering films/index.html.erb within layouts/application
  [1m[36mFilm Load (0.0ms)[0m  [1m[34mSELECT "films".* FROM "films"[0m
  Rendered films/index.html.erb within layouts/application (0.0ms)
Completed 200 OK in 238ms (Views: 226.1ms | ActiveRecord: 0.0ms)


Started GET "/films" for ::1 at 2017-03-06 20:27:36 +0100
Processing by FilmsController#index as HTML
  Rendering films/index.html.erb within layouts/application
  [1m[36mFilm Load (0.0ms)[0m  [1m[34mSELECT "films".* FROM "films"[0m
  Rendered films/index.html.erb within layouts/application (0.0ms)
Completed 200 OK in 225ms (Views: 214.8ms | ActiveRecord: 0.0ms)


Started GET "/films" for ::1 at 2017-03-06 20:28:06 +0100
Processing by FilmsController#index as HTML
  Rendering films/index.html.erb within layouts/application
  [1m[36mFilm Load (0.0ms)[0m  [1m[34mSELECT "films".* FROM "films"[0m
  Rendered films/index.html.erb within layouts/application (1.0ms)
Completed 200 OK in 239ms (Views: 224.9ms | ActiveRecord: 0.0ms)


Started GET "/films" for ::1 at 2017-03-06 20:28:07 +0100
Processing by FilmsController#index as HTML
  Rendering films/index.html.erb within layouts/application
  [1m[36mFilm Load (0.0ms)[0m  [1m[34mSELECT "films".* FROM "films"[0m
  Rendered films/index.html.erb within layouts/application (0.0ms)
Completed 200 OK in 215ms (Views: 211.8ms | ActiveRecord: 0.0ms)


Started GET "/" for ::1 at 2017-03-06 20:28:08 +0100
Processing by WelcomeController#index as HTML
  Rendering welcome/index.html.erb within layouts/application
  Rendered welcome/index.html.erb within layouts/application (0.0ms)
Completed 200 OK in 208ms (Views: 209.4ms | ActiveRecord: 0.0ms)


Started GET "/" for ::1 at 2017-03-06 20:28:09 +0100
Processing by WelcomeController#index as HTML
  Rendering welcome/index.html.erb within layouts/application
  Rendered welcome/index.html.erb within layouts/application (0.0ms)
Completed 200 OK in 204ms (Views: 203.4ms | ActiveRecord: 0.0ms)


Started GET "/" for ::1 at 2017-03-06 20:28:10 +0100
Processing by WelcomeController#index as HTML
  Rendering welcome/index.html.erb within layouts/application
  Rendered welcome/index.html.erb within layouts/application (0.0ms)
Completed 200 OK in 210ms (Views: 203.3ms | ActiveRecord: 0.0ms)


Started GET "/" for ::1 at 2017-03-06 20:28:16 +0100
Processing by WelcomeController#index as HTML
  Rendering welcome/index.html.erb within layouts/application
  Rendered welcome/index.html.erb within layouts/application (0.0ms)
Completed 200 OK in 207ms (Views: 204.0ms | ActiveRecord: 0.0ms)


Started GET "/" for ::1 at 2017-03-06 20:28:31 +0100
Processing by WelcomeController#index as HTML
  Rendering welcome/index.html.erb within layouts/application
  Rendered welcome/index.html.erb within layouts/application (1.0ms)
Completed 200 OK in 238ms (Views: 223.7ms | ActiveRecord: 0.0ms)


Started GET "/films" for ::1 at 2017-03-06 20:28:32 +0100
Processing by FilmsController#index as HTML
  Rendering films/index.html.erb within layouts/application
  [1m[36mFilm Load (0.0ms)[0m  [1m[34mSELECT "films".* FROM "films"[0m
  Rendered films/index.html.erb within layouts/application (1.0ms)
Completed 200 OK in 220ms (Views: 220.0ms | ActiveRecord: 0.0ms)


Started GET "/" for ::1 at 2017-03-06 20:28:33 +0100
Processing by WelcomeController#index as HTML
  Rendering welcome/index.html.erb within layouts/application
  Rendered welcome/index.html.erb within layouts/application (0.0ms)
Completed 200 OK in 219ms (Views: 215.6ms | ActiveRecord: 0.0ms)


Started GET "/" for ::1 at 2017-03-06 20:28:34 +0100
Processing by WelcomeController#index as HTML
  Rendering welcome/index.html.erb within layouts/application
  Rendered welcome/index.html.erb within layouts/application (0.0ms)
Completed 200 OK in 220ms (Views: 210.8ms | ActiveRecord: 0.0ms)


Started GET "/" for ::1 at 2017-03-06 20:28:34 +0100
Processing by WelcomeController#index as HTML
  Rendering welcome/index.html.erb within layouts/application
  Rendered welcome/index.html.erb within layouts/application (0.0ms)
Completed 200 OK in 230ms (Views: 216.4ms | ActiveRecord: 0.0ms)


Started GET "/films" for ::1 at 2017-03-06 20:28:35 +0100
Processing by FilmsController#index as HTML
  Rendering films/index.html.erb within layouts/application
  [1m[36mFilm Load (0.0ms)[0m  [1m[34mSELECT "films".* FROM "films"[0m
  Rendered films/index.html.erb within layouts/application (15.6ms)
Completed 200 OK in 224ms (Views: 213.8ms | ActiveRecord: 0.0ms)


Started GET "/" for ::1 at 2017-03-06 20:28:36 +0100
Processing by WelcomeController#index as HTML
  Rendering welcome/index.html.erb within layouts/application
  Rendered welcome/index.html.erb within layouts/application (0.0ms)
Completed 200 OK in 210ms (Views: 207.6ms | ActiveRecord: 0.0ms)


Started GET "/" for ::1 at 2017-03-06 20:30:09 +0100
Processing by WelcomeController#index as HTML
  Rendering welcome/index.html.erb within layouts/application
  Rendered welcome/index.html.erb within layouts/application (0.0ms)
Completed 200 OK in 249ms (Views: 234.3ms | ActiveRecord: 0.0ms)


Started GET "/" for ::1 at 2017-03-17 20:27:37 +0100
Started GET "/" for ::1 at 2017-03-17 20:27:37 +0100
  
  
ActiveRecord::PendingMigrationError (

Migrations are pending. To resolve this issue, run:

        bin/rails db:migrate RAILS_ENV=development

):
ActiveRecord::PendingMigrationError (

Migrations are pending. To resolve this issue, run:

        bin/rails db:migrate RAILS_ENV=development

):
  
  
activerecord (5.0.2) lib/active_record/migration.rb:573:in `check_pending!'
activerecord (5.0.2) lib/active_record/migration.rb:549:in `call'
actionpack (5.0.2) lib/action_dispatch/middleware/callbacks.rb:38:in `block in call'
activesupport (5.0.2) lib/active_support/callbacks.rb:97:in `__run_callbacks__'
activesupport (5.0.2) lib/active_support/callbacks.rb:750:in `_run_call_callbacks'
activesupport (5.0.2) lib/active_support/callbacks.rb:90:in `run_callbacks'
actionpack (5.0.2) lib/action_dispatch/middleware/callbacks.rb:36:in `call'
actionpack (5.0.2) lib/action_dispatch/middleware/executor.rb:12:in `call'
actionpack (5.0.2) lib/action_dispatch/middleware/remote_ip.rb:79:in `call'
actionpack (5.0.2) lib/action_dispatch/middleware/debug_exceptions.rb:49:in `call'
web-console (3.4.0) lib/web_console/middleware.rb:135:in `call_app'
web-console (3.4.0) lib/web_console/middleware.rb:28:in `block in call'
web-console (3.4.0) lib/web_console/middleware.rb:18:in `catch'
web-console (3.4.0) lib/web_console/middleware.rb:18:in `call'
actionpack (5.0.2) lib/action_dispatch/middleware/show_exceptions.rb:31:in `call'
railties (5.0.2) lib/rails/rack/logger.rb:36:in `call_app'
railties (5.0.2) lib/rails/rack/logger.rb:24:in `block in call'
activesupport (5.0.2) lib/active_support/tagged_logging.rb:69:in `block in tagged'
activesupport (5.0.2) lib/active_support/tagged_logging.rb:26:in `tagged'
activesupport (5.0.2) lib/active_support/tagged_logging.rb:69:in `tagged'
railties (5.0.2) lib/rails/rack/logger.rb:24:in `call'
sprockets-rails (3.2.0) lib/sprockets/rails/quiet_assets.rb:13:in `call'
actionpack (5.0.2) lib/action_dispatch/middleware/request_id.rb:24:in `call'
rack (2.0.1) lib/rack/method_override.rb:22:in `call'
rack (2.0.1) lib/rack/runtime.rb:22:in `call'
activesupport (5.0.2) lib/active_support/cache/strategy/local_cache_middleware.rb:28:in `call'
actionpack (5.0.2) lib/action_dispatch/middleware/executor.rb:12:in `call'
actionpack (5.0.2) lib/action_dispatch/middleware/static.rb:136:in `call'
rack (2.0.1) lib/rack/sendfile.rb:111:in `call'
railties (5.0.2) lib/rails/engine.rb:522:in `call'
puma (3.7.1) lib/puma/configuration.rb:232:in `call'
puma (3.7.1) lib/puma/server.rb:578:in `handle_request'
puma (3.7.1) lib/puma/server.rb:415:in `process_client'
puma (3.7.1) lib/puma/server.rb:275:in `block in run'
puma (3.7.1) lib/puma/thread_pool.rb:120:in `block in spawn_thread'
activerecord (5.0.2) lib/active_record/migration.rb:573:in `check_pending!'
activerecord (5.0.2) lib/active_record/migration.rb:549:in `call'
actionpack (5.0.2) lib/action_dispatch/middleware/callbacks.rb:38:in `block in call'
activesupport (5.0.2) lib/active_support/callbacks.rb:97:in `__run_callbacks__'
activesupport (5.0.2) lib/active_support/callbacks.rb:750:in `_run_call_callbacks'
activesupport (5.0.2) lib/active_support/callbacks.rb:90:in `run_callbacks'
actionpack (5.0.2) lib/action_dispatch/middleware/callbacks.rb:36:in `call'
actionpack (5.0.2) lib/action_dispatch/middleware/executor.rb:12:in `call'
actionpack (5.0.2) lib/action_dispatch/middleware/remote_ip.rb:79:in `call'
actionpack (5.0.2) lib/action_dispatch/middleware/debug_exceptions.rb:49:in `call'
web-console (3.4.0) lib/web_console/middleware.rb:135:in `call_app'
web-console (3.4.0) lib/web_console/middleware.rb:28:in `block in call'
web-console (3.4.0) lib/web_console/middleware.rb:18:in `catch'
web-console (3.4.0) lib/web_console/middleware.rb:18:in `call'
actionpack (5.0.2) lib/action_dispatch/middleware/show_exceptions.rb:31:in `call'
railties (5.0.2) lib/rails/rack/logger.rb:36:in `call_app'
railties (5.0.2) lib/rails/rack/logger.rb:24:in `block in call'
activesupport (5.0.2) lib/active_support/tagged_logging.rb:69:in `block in tagged'
activesupport (5.0.2) lib/active_support/tagged_logging.rb:26:in `tagged'
activesupport (5.0.2) lib/active_support/tagged_logging.rb:69:in `tagged'
railties (5.0.2) lib/rails/rack/logger.rb:24:in `call'
sprockets-rails (3.2.0) lib/sprockets/rails/quiet_assets.rb:13:in `call'
actionpack (5.0.2) lib/action_dispatch/middleware/request_id.rb:24:in `call'
rack (2.0.1) lib/rack/method_override.rb:22:in `call'
rack (2.0.1) lib/rack/runtime.rb:22:in `call'
activesupport (5.0.2) lib/active_support/cache/strategy/local_cache_middleware.rb:28:in `call'
actionpack (5.0.2) lib/action_dispatch/middleware/executor.rb:12:in `call'
actionpack (5.0.2) lib/action_dispatch/middleware/static.rb:136:in `call'
rack (2.0.1) lib/rack/sendfile.rb:111:in `call'
railties (5.0.2) lib/rails/engine.rb:522:in `call'
puma (3.7.1) lib/puma/configuration.rb:232:in `call'
puma (3.7.1) lib/puma/server.rb:578:in `handle_request'
puma (3.7.1) lib/puma/server.rb:415:in `process_client'
puma (3.7.1) lib/puma/server.rb:275:in `block in run'
puma (3.7.1) lib/puma/thread_pool.rb:120:in `block in spawn_thread'
  Rendering C:/RailsInstaller/Ruby2.3.0/lib/ruby/gems/2.3.0/gems/actionpack-5.0.2/lib/action_dispatch/middleware/templates/rescues/diagnostics.html.erb within rescues/layout
  Rendering C:/RailsInstaller/Ruby2.3.0/lib/ruby/gems/2.3.0/gems/actionpack-5.0.2/lib/action_dispatch/middleware/templates/rescues/diagnostics.html.erb within rescues/layout
  Rendering C:/RailsInstaller/Ruby2.3.0/lib/ruby/gems/2.3.0/gems/actionpack-5.0.2/lib/action_dispatch/middleware/templates/rescues/_source.html.erb
  Rendering C:/RailsInstaller/Ruby2.3.0/lib/ruby/gems/2.3.0/gems/actionpack-5.0.2/lib/action_dispatch/middleware/templates/rescues/_source.html.erb
  Rendered C:/RailsInstaller/Ruby2.3.0/lib/ruby/gems/2.3.0/gems/actionpack-5.0.2/lib/action_dispatch/middleware/templates/rescues/_source.html.erb (1.0ms)
  Rendered C:/RailsInstaller/Ruby2.3.0/lib/ruby/gems/2.3.0/gems/actionpack-5.0.2/lib/action_dispatch/middleware/templates/rescues/_source.html.erb (1.0ms)
  Rendering C:/RailsInstaller/Ruby2.3.0/lib/ruby/gems/2.3.0/gems/actionpack-5.0.2/lib/action_dispatch/middleware/templates/rescues/_trace.html.erb
  Rendering C:/RailsInstaller/Ruby2.3.0/lib/ruby/gems/2.3.0/gems/actionpack-5.0.2/lib/action_dispatch/middleware/templates/rescues/_trace.html.erb
  Rendered C:/RailsInstaller/Ruby2.3.0/lib/ruby/gems/2.3.0/gems/actionpack-5.0.2/lib/action_dispatch/middleware/templates/rescues/_trace.html.erb (1.0ms)
  Rendered C:/RailsInstaller/Ruby2.3.0/lib/ruby/gems/2.3.0/gems/actionpack-5.0.2/lib/action_dispatch/middleware/templates/rescues/_trace.html.erb (1.0ms)
  Rendering C:/RailsInstaller/Ruby2.3.0/lib/ruby/gems/2.3.0/gems/actionpack-5.0.2/lib/action_dispatch/middleware/templates/rescues/_request_and_response.html.erb
  Rendering C:/RailsInstaller/Ruby2.3.0/lib/ruby/gems/2.3.0/gems/actionpack-5.0.2/lib/action_dispatch/middleware/templates/rescues/_request_and_response.html.erb
  Rendered C:/RailsInstaller/Ruby2.3.0/lib/ruby/gems/2.3.0/gems/actionpack-5.0.2/lib/action_dispatch/middleware/templates/rescues/_request_and_response.html.erb (1.0ms)
  Rendered C:/RailsInstaller/Ruby2.3.0/lib/ruby/gems/2.3.0/gems/actionpack-5.0.2/lib/action_dispatch/middleware/templates/rescues/_request_and_response.html.erb (1.0ms)
  Rendered C:/RailsInstaller/Ruby2.3.0/lib/ruby/gems/2.3.0/gems/actionpack-5.0.2/lib/action_dispatch/middleware/templates/rescues/diagnostics.html.erb within rescues/layout (2167.1ms)
  Rendered C:/RailsInstaller/Ruby2.3.0/lib/ruby/gems/2.3.0/gems/actionpack-5.0.2/lib/action_dispatch/middleware/templates/rescues/diagnostics.html.erb within rescues/layout (2160.1ms)
  [1m[35m (4.0ms)[0m  [1m[35mCREATE TABLE "schema_migrations" ("version" varchar NOT NULL PRIMARY KEY)[0m
  [1m[35m (4.0ms)[0m  [1m[35mCREATE TABLE "ar_internal_metadata" ("key" varchar NOT NULL PRIMARY KEY, "value" varchar, "created_at" datetime NOT NULL, "updated_at" datetime NOT NULL)[0m
  [1m[36mActiveRecord::SchemaMigration Load (0.0ms)[0m  [1m[34mSELECT "schema_migrations".* FROM "schema_migrations"[0m
Migrating to CreateFilms (20170306181824)
  [1m[35m (0.0ms)[0m  [1m[36mbegin transaction[0m
  [1m[35m (0.0ms)[0m  [1m[35mCREATE TABLE "films" ("id" INTEGER PRIMARY KEY AUTOINCREMENT NOT NULL, "title" varchar, "director" varchar, "year" varchar, "created_at" datetime NOT NULL, "updated_at" datetime NOT NULL)[0m
  [1m[35mSQL (0.0ms)[0m  [1m[32mINSERT INTO "schema_migrations" ("version") VALUES (?)[0m  [["version", "20170306181824"]]
  [1m[35m (5.0ms)[0m  [1m[36mcommit transaction[0m
  [1m[36mActiveRecord::InternalMetadata Load (0.0ms)[0m  [1m[34mSELECT  "ar_internal_metadata".* FROM "ar_internal_metadata" WHERE "ar_internal_metadata"."key" = ? LIMIT ?[0m  [["key", :environment], ["LIMIT", 1]]
  [1m[35m (0.0ms)[0m  [1m[36mbegin transaction[0m
  [1m[35mSQL (1.0ms)[0m  [1m[32mINSERT INTO "ar_internal_metadata" ("key", "value", "created_at", "updated_at") VALUES (?, ?, ?, ?)[0m  [["key", "environment"], ["value", "development"], ["created_at", 2017-03-17 19:28:30 UTC], ["updated_at", 2017-03-17 19:28:30 UTC]]
  [1m[35m (7.0ms)[0m  [1m[36mcommit transaction[0m
  [1m[36mActiveRecord::SchemaMigration Load (0.0ms)[0m  [1m[34mSELECT "schema_migrations".* FROM "schema_migrations"[0m
Started GET "/" for ::1 at 2017-03-17 20:28:33 +0100
  [1m[36mActiveRecord::SchemaMigration Load (0.0ms)[0m  [1m[34mSELECT "schema_migrations".* FROM "schema_migrations"[0m
Processing by WelcomeController#index as HTML
  Rendering welcome/index.html.erb within layouts/application
  Rendered welcome/index.html.erb within layouts/application (1.0ms)
Completed 200 OK in 9662ms (Views: 9631.0ms | ActiveRecord: 0.0ms)


Started GET "/" for ::1 at 2017-03-17 20:30:28 +0100
Processing by WelcomeController#index as HTML
  Rendering welcome/index.html.erb within layouts/application
  Rendered welcome/index.html.erb within layouts/application (0.0ms)
Completed 200 OK in 264ms (Views: 250.9ms | ActiveRecord: 0.0ms)


Started GET "/films" for ::1 at 2017-03-17 20:30:29 +0100
Processing by FilmsController#index as HTML
  Rendering films/index.html.erb within layouts/application
  [1m[36mFilm Load (0.0ms)[0m  [1m[34mSELECT "films".* FROM "films"[0m
  Rendered films/index.html.erb within layouts/application (2.0ms)
Completed 200 OK in 243ms (Views: 222.1ms | ActiveRecord: 0.0ms)


Started GET "/films/new" for ::1 at 2017-03-17 20:30:31 +0100
Processing by FilmsController#new as HTML
  Rendering films/new.html.erb within layouts/application
  Rendered films/new.html.erb within layouts/application (29.0ms)
Completed 200 OK in 265ms (Views: 249.6ms | ActiveRecord: 0.0ms)


Started POST "/films/new" for ::1 at 2017-03-17 20:30:34 +0100
  
ActionController::RoutingError (No route matches [POST] "/films/new"):
  
actionpack (5.0.2) lib/action_dispatch/middleware/debug_exceptions.rb:53:in `call'
web-console (3.4.0) lib/web_console/middleware.rb:135:in `call_app'
web-console (3.4.0) lib/web_console/middleware.rb:28:in `block in call'
web-console (3.4.0) lib/web_console/middleware.rb:18:in `catch'
web-console (3.4.0) lib/web_console/middleware.rb:18:in `call'
actionpack (5.0.2) lib/action_dispatch/middleware/show_exceptions.rb:31:in `call'
railties (5.0.2) lib/rails/rack/logger.rb:36:in `call_app'
railties (5.0.2) lib/rails/rack/logger.rb:24:in `block in call'
activesupport (5.0.2) lib/active_support/tagged_logging.rb:69:in `block in tagged'
activesupport (5.0.2) lib/active_support/tagged_logging.rb:26:in `tagged'
activesupport (5.0.2) lib/active_support/tagged_logging.rb:69:in `tagged'
railties (5.0.2) lib/rails/rack/logger.rb:24:in `call'
sprockets-rails (3.2.0) lib/sprockets/rails/quiet_assets.rb:13:in `call'
actionpack (5.0.2) lib/action_dispatch/middleware/request_id.rb:24:in `call'
rack (2.0.1) lib/rack/method_override.rb:22:in `call'
rack (2.0.1) lib/rack/runtime.rb:22:in `call'
activesupport (5.0.2) lib/active_support/cache/strategy/local_cache_middleware.rb:28:in `call'
actionpack (5.0.2) lib/action_dispatch/middleware/executor.rb:12:in `call'
actionpack (5.0.2) lib/action_dispatch/middleware/static.rb:136:in `call'
rack (2.0.1) lib/rack/sendfile.rb:111:in `call'
railties (5.0.2) lib/rails/engine.rb:522:in `call'
puma (3.7.1) lib/puma/configuration.rb:232:in `call'
puma (3.7.1) lib/puma/server.rb:578:in `handle_request'
puma (3.7.1) lib/puma/server.rb:415:in `process_client'
puma (3.7.1) lib/puma/server.rb:275:in `block in run'
puma (3.7.1) lib/puma/thread_pool.rb:120:in `block in spawn_thread'
  Rendering C:/RailsInstaller/Ruby2.3.0/lib/ruby/gems/2.3.0/gems/actionpack-5.0.2/lib/action_dispatch/middleware/templates/rescues/routing_error.html.erb within rescues/layout
  Rendering C:/RailsInstaller/Ruby2.3.0/lib/ruby/gems/2.3.0/gems/actionpack-5.0.2/lib/action_dispatch/middleware/templates/rescues/_trace.html.erb
  Rendered C:/RailsInstaller/Ruby2.3.0/lib/ruby/gems/2.3.0/gems/actionpack-5.0.2/lib/action_dispatch/middleware/templates/rescues/_trace.html.erb (1.0ms)
  Rendered collection of C:/RailsInstaller/Ruby2.3.0/lib/ruby/gems/2.3.0/gems/actionpack-5.0.2/lib/action_dispatch/middleware/templates/routes/_route.html.erb [9 times] (4.0ms)
  Rendered C:/RailsInstaller/Ruby2.3.0/lib/ruby/gems/2.3.0/gems/actionpack-5.0.2/lib/action_dispatch/middleware/templates/routes/_table.html.erb (4.0ms)
  Rendering C:/RailsInstaller/Ruby2.3.0/lib/ruby/gems/2.3.0/gems/actionpack-5.0.2/lib/action_dispatch/middleware/templates/rescues/_request_and_response.html.erb
  Rendered C:/RailsInstaller/Ruby2.3.0/lib/ruby/gems/2.3.0/gems/actionpack-5.0.2/lib/action_dispatch/middleware/templates/rescues/_request_and_response.html.erb (1.0ms)
  Rendered C:/RailsInstaller/Ruby2.3.0/lib/ruby/gems/2.3.0/gems/actionpack-5.0.2/lib/action_dispatch/middleware/templates/rescues/routing_error.html.erb within rescues/layout (1443.1ms)
Started POST "/films/new" for ::1 at 2017-03-17 20:43:31 +0100
  
ActionController::RoutingError (No route matches [POST] "/films/new"):
  
actionpack (5.0.2) lib/action_dispatch/middleware/debug_exceptions.rb:53:in `call'
web-console (3.4.0) lib/web_console/middleware.rb:135:in `call_app'
web-console (3.4.0) lib/web_console/middleware.rb:28:in `block in call'
web-console (3.4.0) lib/web_console/middleware.rb:18:in `catch'
web-console (3.4.0) lib/web_console/middleware.rb:18:in `call'
actionpack (5.0.2) lib/action_dispatch/middleware/show_exceptions.rb:31:in `call'
railties (5.0.2) lib/rails/rack/logger.rb:36:in `call_app'
railties (5.0.2) lib/rails/rack/logger.rb:24:in `block in call'
activesupport (5.0.2) lib/active_support/tagged_logging.rb:69:in `block in tagged'
activesupport (5.0.2) lib/active_support/tagged_logging.rb:26:in `tagged'
activesupport (5.0.2) lib/active_support/tagged_logging.rb:69:in `tagged'
railties (5.0.2) lib/rails/rack/logger.rb:24:in `call'
sprockets-rails (3.2.0) lib/sprockets/rails/quiet_assets.rb:13:in `call'
actionpack (5.0.2) lib/action_dispatch/middleware/request_id.rb:24:in `call'
rack (2.0.1) lib/rack/method_override.rb:22:in `call'
rack (2.0.1) lib/rack/runtime.rb:22:in `call'
activesupport (5.0.2) lib/active_support/cache/strategy/local_cache_middleware.rb:28:in `call'
actionpack (5.0.2) lib/action_dispatch/middleware/executor.rb:12:in `call'
actionpack (5.0.2) lib/action_dispatch/middleware/static.rb:136:in `call'
rack (2.0.1) lib/rack/sendfile.rb:111:in `call'
railties (5.0.2) lib/rails/engine.rb:522:in `call'
puma (3.7.1) lib/puma/configuration.rb:232:in `call'
puma (3.7.1) lib/puma/server.rb:578:in `handle_request'
puma (3.7.1) lib/puma/server.rb:415:in `process_client'
puma (3.7.1) lib/puma/server.rb:275:in `block in run'
puma (3.7.1) lib/puma/thread_pool.rb:120:in `block in spawn_thread'
  Rendering C:/RailsInstaller/Ruby2.3.0/lib/ruby/gems/2.3.0/gems/actionpack-5.0.2/lib/action_dispatch/middleware/templates/rescues/routing_error.html.erb within rescues/layout
  Rendering C:/RailsInstaller/Ruby2.3.0/lib/ruby/gems/2.3.0/gems/actionpack-5.0.2/lib/action_dispatch/middleware/templates/rescues/_trace.html.erb
  Rendered C:/RailsInstaller/Ruby2.3.0/lib/ruby/gems/2.3.0/gems/actionpack-5.0.2/lib/action_dispatch/middleware/templates/rescues/_trace.html.erb (1.0ms)
  Rendered collection of C:/RailsInstaller/Ruby2.3.0/lib/ruby/gems/2.3.0/gems/actionpack-5.0.2/lib/action_dispatch/middleware/templates/routes/_route.html.erb [9 times] (2.0ms)
  Rendered C:/RailsInstaller/Ruby2.3.0/lib/ruby/gems/2.3.0/gems/actionpack-5.0.2/lib/action_dispatch/middleware/templates/routes/_table.html.erb (1.0ms)
  Rendering C:/RailsInstaller/Ruby2.3.0/lib/ruby/gems/2.3.0/gems/actionpack-5.0.2/lib/action_dispatch/middleware/templates/rescues/_request_and_response.html.erb
  Rendered C:/RailsInstaller/Ruby2.3.0/lib/ruby/gems/2.3.0/gems/actionpack-5.0.2/lib/action_dispatch/middleware/templates/rescues/_request_and_response.html.erb (1.0ms)
  Rendered C:/RailsInstaller/Ruby2.3.0/lib/ruby/gems/2.3.0/gems/actionpack-5.0.2/lib/action_dispatch/middleware/templates/rescues/routing_error.html.erb within rescues/layout (1440.1ms)
Started POST "/films/new" for ::1 at 2017-03-17 20:47:18 +0100
  
ActionController::RoutingError (No route matches [POST] "/films/new"):
  
actionpack (5.0.2) lib/action_dispatch/middleware/debug_exceptions.rb:53:in `call'
web-console (3.4.0) lib/web_console/middleware.rb:135:in `call_app'
web-console (3.4.0) lib/web_console/middleware.rb:28:in `block in call'
web-console (3.4.0) lib/web_console/middleware.rb:18:in `catch'
web-console (3.4.0) lib/web_console/middleware.rb:18:in `call'
actionpack (5.0.2) lib/action_dispatch/middleware/show_exceptions.rb:31:in `call'
railties (5.0.2) lib/rails/rack/logger.rb:36:in `call_app'
railties (5.0.2) lib/rails/rack/logger.rb:24:in `block in call'
activesupport (5.0.2) lib/active_support/tagged_logging.rb:69:in `block in tagged'
activesupport (5.0.2) lib/active_support/tagged_logging.rb:26:in `tagged'
activesupport (5.0.2) lib/active_support/tagged_logging.rb:69:in `tagged'
railties (5.0.2) lib/rails/rack/logger.rb:24:in `call'
sprockets-rails (3.2.0) lib/sprockets/rails/quiet_assets.rb:13:in `call'
actionpack (5.0.2) lib/action_dispatch/middleware/request_id.rb:24:in `call'
rack (2.0.1) lib/rack/method_override.rb:22:in `call'
rack (2.0.1) lib/rack/runtime.rb:22:in `call'
activesupport (5.0.2) lib/active_support/cache/strategy/local_cache_middleware.rb:28:in `call'
actionpack (5.0.2) lib/action_dispatch/middleware/executor.rb:12:in `call'
actionpack (5.0.2) lib/action_dispatch/middleware/static.rb:136:in `call'
rack (2.0.1) lib/rack/sendfile.rb:111:in `call'
railties (5.0.2) lib/rails/engine.rb:522:in `call'
puma (3.7.1) lib/puma/configuration.rb:232:in `call'
puma (3.7.1) lib/puma/server.rb:578:in `handle_request'
puma (3.7.1) lib/puma/server.rb:415:in `process_client'
puma (3.7.1) lib/puma/server.rb:275:in `block in run'
puma (3.7.1) lib/puma/thread_pool.rb:120:in `block in spawn_thread'
  Rendering C:/RailsInstaller/Ruby2.3.0/lib/ruby/gems/2.3.0/gems/actionpack-5.0.2/lib/action_dispatch/middleware/templates/rescues/routing_error.html.erb within rescues/layout
  Rendering C:/RailsInstaller/Ruby2.3.0/lib/ruby/gems/2.3.0/gems/actionpack-5.0.2/lib/action_dispatch/middleware/templates/rescues/_trace.html.erb
  Rendered C:/RailsInstaller/Ruby2.3.0/lib/ruby/gems/2.3.0/gems/actionpack-5.0.2/lib/action_dispatch/middleware/templates/rescues/_trace.html.erb (1.0ms)
  Rendered collection of C:/RailsInstaller/Ruby2.3.0/lib/ruby/gems/2.3.0/gems/actionpack-5.0.2/lib/action_dispatch/middleware/templates/routes/_route.html.erb [9 times] (2.0ms)
  Rendered C:/RailsInstaller/Ruby2.3.0/lib/ruby/gems/2.3.0/gems/actionpack-5.0.2/lib/action_dispatch/middleware/templates/routes/_table.html.erb (1.0ms)
  Rendering C:/RailsInstaller/Ruby2.3.0/lib/ruby/gems/2.3.0/gems/actionpack-5.0.2/lib/action_dispatch/middleware/templates/rescues/_request_and_response.html.erb
  Rendered C:/RailsInstaller/Ruby2.3.0/lib/ruby/gems/2.3.0/gems/actionpack-5.0.2/lib/action_dispatch/middleware/templates/rescues/_request_and_response.html.erb (2.0ms)
  Rendered C:/RailsInstaller/Ruby2.3.0/lib/ruby/gems/2.3.0/gems/actionpack-5.0.2/lib/action_dispatch/middleware/templates/rescues/routing_error.html.erb within rescues/layout (1397.1ms)
Started POST "/films/new" for ::1 at 2017-03-17 20:49:53 +0100
  
ActionController::RoutingError (No route matches [POST] "/films/new"):
  
actionpack (5.0.2) lib/action_dispatch/middleware/debug_exceptions.rb:53:in `call'
web-console (3.4.0) lib/web_console/middleware.rb:135:in `call_app'
web-console (3.4.0) lib/web_console/middleware.rb:28:in `block in call'
web-console (3.4.0) lib/web_console/middleware.rb:18:in `catch'
web-console (3.4.0) lib/web_console/middleware.rb:18:in `call'
actionpack (5.0.2) lib/action_dispatch/middleware/show_exceptions.rb:31:in `call'
railties (5.0.2) lib/rails/rack/logger.rb:36:in `call_app'
railties (5.0.2) lib/rails/rack/logger.rb:24:in `block in call'
activesupport (5.0.2) lib/active_support/tagged_logging.rb:69:in `block in tagged'
activesupport (5.0.2) lib/active_support/tagged_logging.rb:26:in `tagged'
activesupport (5.0.2) lib/active_support/tagged_logging.rb:69:in `tagged'
railties (5.0.2) lib/rails/rack/logger.rb:24:in `call'
sprockets-rails (3.2.0) lib/sprockets/rails/quiet_assets.rb:13:in `call'
actionpack (5.0.2) lib/action_dispatch/middleware/request_id.rb:24:in `call'
rack (2.0.1) lib/rack/method_override.rb:22:in `call'
rack (2.0.1) lib/rack/runtime.rb:22:in `call'
activesupport (5.0.2) lib/active_support/cache/strategy/local_cache_middleware.rb:28:in `call'
actionpack (5.0.2) lib/action_dispatch/middleware/executor.rb:12:in `call'
actionpack (5.0.2) lib/action_dispatch/middleware/static.rb:136:in `call'
rack (2.0.1) lib/rack/sendfile.rb:111:in `call'
railties (5.0.2) lib/rails/engine.rb:522:in `call'
puma (3.7.1) lib/puma/configuration.rb:232:in `call'
puma (3.7.1) lib/puma/server.rb:578:in `handle_request'
puma (3.7.1) lib/puma/server.rb:415:in `process_client'
puma (3.7.1) lib/puma/server.rb:275:in `block in run'
puma (3.7.1) lib/puma/thread_pool.rb:120:in `block in spawn_thread'
  Rendering C:/RailsInstaller/Ruby2.3.0/lib/ruby/gems/2.3.0/gems/actionpack-5.0.2/lib/action_dispatch/middleware/templates/rescues/routing_error.html.erb within rescues/layout
  Rendering C:/RailsInstaller/Ruby2.3.0/lib/ruby/gems/2.3.0/gems/actionpack-5.0.2/lib/action_dispatch/middleware/templates/rescues/_trace.html.erb
  Rendered C:/RailsInstaller/Ruby2.3.0/lib/ruby/gems/2.3.0/gems/actionpack-5.0.2/lib/action_dispatch/middleware/templates/rescues/_trace.html.erb (1.0ms)
  Rendered collection of C:/RailsInstaller/Ruby2.3.0/lib/ruby/gems/2.3.0/gems/actionpack-5.0.2/lib/action_dispatch/middleware/templates/routes/_route.html.erb [9 times] (2.0ms)
  Rendered C:/RailsInstaller/Ruby2.3.0/lib/ruby/gems/2.3.0/gems/actionpack-5.0.2/lib/action_dispatch/middleware/templates/routes/_table.html.erb (1.0ms)
  Rendering C:/RailsInstaller/Ruby2.3.0/lib/ruby/gems/2.3.0/gems/actionpack-5.0.2/lib/action_dispatch/middleware/templates/rescues/_request_and_response.html.erb
  Rendered C:/RailsInstaller/Ruby2.3.0/lib/ruby/gems/2.3.0/gems/actionpack-5.0.2/lib/action_dispatch/middleware/templates/rescues/_request_and_response.html.erb (1.0ms)
  Rendered C:/RailsInstaller/Ruby2.3.0/lib/ruby/gems/2.3.0/gems/actionpack-5.0.2/lib/action_dispatch/middleware/templates/rescues/routing_error.html.erb within rescues/layout (1397.1ms)
Started GET "/films/new" for ::1 at 2017-03-17 20:52:06 +0100
Processing by FilmsController#new as HTML
  Rendering films/new.html.erb within layouts/application
  Rendered films/new.html.erb within layouts/application (3.0ms)
Completed 200 OK in 269ms (Views: 245.7ms | ActiveRecord: 2.0ms)


Started POST "/films" for ::1 at 2017-03-17 20:52:10 +0100
Processing by FilmsController#create as HTML
  Parameters: {"utf8"=>"✓", "authenticity_token"=>"fkJw9vWLNOwi7qAGHtGfI/prxiJ36xRX4++cW0wPMHrcteSPW9zbdsIvvVesJskFtkUPmo03OFF3K+W5r3NfHA==", "film"=>{"title"=>"asd", "director"=>"asdas", "year"=>"234"}}
  [1m[35m (0.0ms)[0m  [1m[36mbegin transaction[0m
  [1m[35mSQL (2.0ms)[0m  [1m[32mINSERT INTO "films" ("title", "director", "year", "created_at", "updated_at") VALUES (?, ?, ?, ?, ?)[0m  [["title", "asd"], ["director", "asdas"], ["year", "234"], ["created_at", 2017-03-17 19:52:10 UTC], ["updated_at", 2017-03-17 19:52:10 UTC]]
  [1m[35m (6.0ms)[0m  [1m[36mcommit transaction[0m
Redirected to http://localhost:3000/films/1
Completed 302 Found in 17ms (ActiveRecord: 8.0ms)


Started GET "/films/1" for ::1 at 2017-03-17 20:52:10 +0100
Processing by FilmsController#show as HTML
  Parameters: {"id"=>"1"}
  [1m[36mFilm Load (0.0ms)[0m  [1m[34mSELECT  "films".* FROM "films" WHERE "films"."id" = ? LIMIT ?[0m  [["id", 1], ["LIMIT", 1]]
  Rendering films/show.html.erb within layouts/application
  Rendered films/show.html.erb within layouts/application (1.0ms)
Completed 200 OK in 259ms (Views: 239.2ms | ActiveRecord: 0.0ms)


Started GET "/films" for ::1 at 2017-03-17 20:52:12 +0100
Processing by FilmsController#index as HTML
  Rendering films/index.html.erb within layouts/application
  [1m[36mFilm Load (0.0ms)[0m  [1m[34mSELECT "films".* FROM "films"[0m
  Rendered films/index.html.erb within layouts/application (2.0ms)
Completed 200 OK in 239ms (Views: 222.0ms | ActiveRecord: 0.0ms)


Started GET "/" for ::1 at 2017-03-17 20:52:45 +0100
Processing by WelcomeController#index as HTML
  Rendering welcome/index.html.erb within layouts/application
  Rendered welcome/index.html.erb within layouts/application (0.0ms)
Completed 200 OK in 236ms (Views: 222.4ms | ActiveRecord: 0.0ms)


Started GET "/films" for ::1 at 2017-03-17 20:52:46 +0100
Processing by FilmsController#index as HTML
  Rendering films/index.html.erb within layouts/application
  [1m[36mFilm Load (1.0ms)[0m  [1m[34mSELECT "films".* FROM "films"[0m
  Rendered films/index.html.erb within layouts/application (1.0ms)
Completed 200 OK in 235ms (Views: 221.0ms | ActiveRecord: 1.0ms)


Started GET "/films/1" for ::1 at 2017-03-17 20:52:48 +0100
Processing by FilmsController#show as HTML
  Parameters: {"id"=>"1"}
  [1m[36mFilm Load (1.0ms)[0m  [1m[34mSELECT  "films".* FROM "films" WHERE "films"."id" = ? LIMIT ?[0m  [["id", 1], ["LIMIT", 1]]
  Rendering films/show.html.erb within layouts/application
  Rendered films/show.html.erb within layouts/application (0.0ms)
Completed 200 OK in 232ms (Views: 218.4ms | ActiveRecord: 1.0ms)


Started GET "/films" for ::1 at 2017-03-17 20:58:53 +0100
Processing by FilmsController#index as HTML
  Rendering films/index.html.erb within layouts/application
  [1m[36mFilm Load (1.0ms)[0m  [1m[34mSELECT "films".* FROM "films"[0m
  Rendered films/index.html.erb within layouts/application (6.0ms)
Completed 200 OK in 269ms (Views: 248.2ms | ActiveRecord: 2.0ms)


Started GET "/films/1" for ::1 at 2017-03-17 20:58:55 +0100
Processing by FilmsController#show as HTML
  Parameters: {"id"=>"1"}
  [1m[36mFilm Load (0.0ms)[0m  [1m[34mSELECT  "films".* FROM "films" WHERE "films"."id" = ? LIMIT ?[0m  [["id", 1], ["LIMIT", 1]]
  Rendering films/show.html.erb within layouts/application
  Rendered films/show.html.erb within layouts/application (1.0ms)
Completed 200 OK in 235ms (Views: 220.7ms | ActiveRecord: 0.0ms)


Started GET "/films" for ::1 at 2017-03-17 20:59:01 +0100
Processing by FilmsController#index as HTML
  Rendering films/index.html.erb within layouts/application
  [1m[36mFilm Load (0.0ms)[0m  [1m[34mSELECT "films".* FROM "films"[0m
  Rendered films/index.html.erb within layouts/application (1.0ms)
Completed 200 OK in 251ms (Views: 237.8ms | ActiveRecord: 0.0ms)


Started GET "/films" for ::1 at 2017-03-17 21:01:04 +0100
Processing by FilmsController#index as HTML
  Rendering films/index.html.erb within layouts/application
  [1m[36mFilm Load (0.0ms)[0m  [1m[34mSELECT "films".* FROM "films"[0m
  Rendered films/index.html.erb within layouts/application (2.0ms)
Completed 200 OK in 255ms (Views: 237.2ms | ActiveRecord: 0.0ms)


Started GET "/films" for ::1 at 2017-03-17 21:01:55 +0100
Processing by FilmsController#index as HTML
  Rendering films/index.html.erb within layouts/application
  [1m[36mFilm Load (0.0ms)[0m  [1m[34mSELECT "films".* FROM "films"[0m
  Rendered films/index.html.erb within layouts/application (2.0ms)
Completed 200 OK in 247ms (Views: 232.7ms | ActiveRecord: 0.0ms)


Started GET "/films/1/edit" for ::1 at 2017-03-17 21:01:57 +0100
Processing by FilmsController#edit as HTML
  Parameters: {"id"=>"1"}
  [1m[36mFilm Load (1.0ms)[0m  [1m[34mSELECT  "films".* FROM "films" WHERE "films"."id" = ? LIMIT ?[0m  [["id", 1], ["LIMIT", 1]]
  Rendering films/edit.html.erb within layouts/application
  Rendered films/edit.html.erb within layouts/application (14.0ms)
Completed 500 Internal Server Error in 67ms (ActiveRecord: 1.0ms)


  
ActionView::Template::Error (undefined method `errors' for nil:NilClass):
    3: 
    4: <%= form_for :film, url: film_path(@film), method: :patch do |f| %>
    5: 
    6:   <% if @article.errors.any? %>
    7:     <div id="error_explanation">
    8:       <h2>
    9:         <%= pluralize(@film.errors.count, "error") %> prohibited
  
app/views/films/edit.html.erb:6:in `block in _app_views_films_edit_html_erb__543771106_87937524'
app/views/films/edit.html.erb:4:in `_app_views_films_edit_html_erb__543771106_87937524'
  Rendering C:/RailsInstaller/Ruby2.3.0/lib/ruby/gems/2.3.0/gems/actionpack-5.0.2/lib/action_dispatch/middleware/templates/rescues/template_error.html.erb within rescues/layout
  Rendering C:/RailsInstaller/Ruby2.3.0/lib/ruby/gems/2.3.0/gems/actionpack-5.0.2/lib/action_dispatch/middleware/templates/rescues/_source.html.erb
  Rendered C:/RailsInstaller/Ruby2.3.0/lib/ruby/gems/2.3.0/gems/actionpack-5.0.2/lib/action_dispatch/middleware/templates/rescues/_source.html.erb (3.0ms)
  Rendering C:/RailsInstaller/Ruby2.3.0/lib/ruby/gems/2.3.0/gems/actionpack-5.0.2/lib/action_dispatch/middleware/templates/rescues/_trace.html.erb
  Rendered C:/RailsInstaller/Ruby2.3.0/lib/ruby/gems/2.3.0/gems/actionpack-5.0.2/lib/action_dispatch/middleware/templates/rescues/_trace.html.erb (2.0ms)
  Rendering C:/RailsInstaller/Ruby2.3.0/lib/ruby/gems/2.3.0/gems/actionpack-5.0.2/lib/action_dispatch/middleware/templates/rescues/_request_and_response.html.erb
  Rendered C:/RailsInstaller/Ruby2.3.0/lib/ruby/gems/2.3.0/gems/actionpack-5.0.2/lib/action_dispatch/middleware/templates/rescues/_request_and_response.html.erb (1.0ms)
  Rendered C:/RailsInstaller/Ruby2.3.0/lib/ruby/gems/2.3.0/gems/actionpack-5.0.2/lib/action_dispatch/middleware/templates/rescues/template_error.html.erb within rescues/layout (1102.1ms)
Started GET "/films/1/edit" for ::1 at 2017-03-17 21:02:22 +0100
Processing by FilmsController#edit as HTML
  Parameters: {"id"=>"1"}
  [1m[36mFilm Load (0.0ms)[0m  [1m[34mSELECT  "films".* FROM "films" WHERE "films"."id" = ? LIMIT ?[0m  [["id", 1], ["LIMIT", 1]]
  Rendering films/edit.html.erb within layouts/application
  Rendered films/edit.html.erb within layouts/application (2.0ms)
Completed 200 OK in 242ms (Views: 228.0ms | ActiveRecord: 0.0ms)


Started PATCH "/films/1" for ::1 at 2017-03-17 21:02:26 +0100
Processing by FilmsController#update as HTML
  Parameters: {"utf8"=>"✓", "authenticity_token"=>"Ty4SQnmTlsLe5bodaqVn/HvmQZqrmh4i+aDqc81lU9ft2YY718R5WD4kp0zYUjHaN8iIIlFGMiRtZJORLhk8sQ==", "film"=>{"title"=>"asd", "director"=>"asdas", "year"=>"12312"}, "commit"=>"Save Film", "id"=>"1"}
  [1m[36mFilm Load (1.0ms)[0m  [1m[34mSELECT  "films".* FROM "films" WHERE "films"."id" = ? LIMIT ?[0m  [["id", 1], ["LIMIT", 1]]
  [1m[35m (0.0ms)[0m  [1m[36mbegin transaction[0m
  [1m[35mSQL (0.0ms)[0m  [1m[33mUPDATE "films" SET "year" = ?, "updated_at" = ? WHERE "films"."id" = ?[0m  [["year", "12312"], ["updated_at", 2017-03-17 20:02:27 UTC], ["id", 1]]
  [1m[35m (6.0ms)[0m  [1m[36mcommit transaction[0m
Redirected to http://localhost:3000/films/1
Completed 302 Found in 11ms (ActiveRecord: 7.0ms)


Started GET "/films/1" for ::1 at 2017-03-17 21:02:27 +0100
Processing by FilmsController#show as HTML
  Parameters: {"id"=>"1"}
  [1m[36mFilm Load (0.0ms)[0m  [1m[34mSELECT  "films".* FROM "films" WHERE "films"."id" = ? LIMIT ?[0m  [["id", 1], ["LIMIT", 1]]
  Rendering films/show.html.erb within layouts/application
  Rendered films/show.html.erb within layouts/application (0.0ms)
Completed 200 OK in 235ms (Views: 220.1ms | ActiveRecord: 0.0ms)


Started GET "/films" for ::1 at 2017-03-17 21:02:28 +0100
Processing by FilmsController#index as HTML
  Rendering films/index.html.erb within layouts/application
  [1m[36mFilm Load (0.0ms)[0m  [1m[34mSELECT "films".* FROM "films"[0m
  Rendered films/index.html.erb within layouts/application (1.0ms)
Completed 200 OK in 235ms (Views: 222.1ms | ActiveRecord: 0.0ms)


Started GET "/films/new" for ::1 at 2017-03-17 21:03:27 +0100
Processing by FilmsController#new as HTML
  Rendering films/new.html.erb within layouts/application
  Rendered films/new.html.erb within layouts/application (2.0ms)
Completed 200 OK in 244ms (Views: 228.6ms | ActiveRecord: 0.0ms)


Started POST "/films" for ::1 at 2017-03-17 21:03:31 +0100
Processing by FilmsController#create as HTML
  Parameters: {"utf8"=>"✓", "authenticity_token"=>"xWlrtYefniFXMyCUcAjwpoVY4PwsXyNBZYSWfUIvgpZKyaQge+h0CKA4drDFts+G3G1a83s9YphDquXnJSyk3w==", "film"=>{"title"=>"asdasd", "director"=>"asdas", "year"=>"2342"}}
  [1m[35m (0.0ms)[0m  [1m[36mbegin transaction[0m
  [1m[35mSQL (0.0ms)[0m  [1m[32mINSERT INTO "films" ("title", "director", "year", "created_at", "updated_at") VALUES (?, ?, ?, ?, ?)[0m  [["title", "asdasd"], ["director", "asdas"], ["year", "2342"], ["created_at", 2017-03-17 20:03:31 UTC], ["updated_at", 2017-03-17 20:03:31 UTC]]
  [1m[35m (4.0ms)[0m  [1m[36mcommit transaction[0m
Redirected to http://localhost:3000/films/2
Completed 302 Found in 7ms (ActiveRecord: 4.0ms)


Started GET "/films/2" for ::1 at 2017-03-17 21:03:31 +0100
Processing by FilmsController#show as HTML
  Parameters: {"id"=>"2"}
  [1m[36mFilm Load (0.0ms)[0m  [1m[34mSELECT  "films".* FROM "films" WHERE "films"."id" = ? LIMIT ?[0m  [["id", 2], ["LIMIT", 1]]
  Rendering films/show.html.erb within layouts/application
  Rendered films/show.html.erb within layouts/application (1.0ms)
Completed 200 OK in 248ms (Views: 234.0ms | ActiveRecord: 0.0ms)


Started GET "/films" for ::1 at 2017-03-17 21:03:32 +0100
Processing by FilmsController#index as HTML
  Rendering films/index.html.erb within layouts/application
  [1m[36mFilm Load (0.0ms)[0m  [1m[34mSELECT "films".* FROM "films"[0m
  Rendered films/index.html.erb within layouts/application (2.0ms)
Completed 200 OK in 240ms (Views: 224.9ms | ActiveRecord: 0.0ms)


Started GET "/films" for ::1 at 2017-03-17 21:04:52 +0100
Processing by FilmsController#index as HTML
  Rendering films/index.html.erb within layouts/application
  [1m[36mFilm Load (0.0ms)[0m  [1m[34mSELECT "films".* FROM "films"[0m
  Rendered films/index.html.erb within layouts/application (6.0ms)
Completed 200 OK in 274ms (Views: 253.9ms | ActiveRecord: 2.0ms)


Started DELETE "/films/2" for ::1 at 2017-03-17 21:04:55 +0100
Processing by FilmsController#destroy as HTML
  Parameters: {"authenticity_token"=>"LQN6vF5RR5b2fIuwgWXOJPttUfDKWigtIeR61/cYDheP9O7F8AaoDBa9luEzkpgCt0OYSDCGBCu1IAM1FGRhcQ==", "id"=>"2"}
  [1m[36mFilm Load (0.0ms)[0m  [1m[34mSELECT  "films".* FROM "films" WHERE "films"."id" = ? LIMIT ?[0m  [["id", 2], ["LIMIT", 1]]
  [1m[35m (0.0ms)[0m  [1m[36mbegin transaction[0m
  [1m[35mSQL (0.0ms)[0m  [1m[31mDELETE FROM "films" WHERE "films"."id" = ?[0m  [["id", 2]]
  [1m[35m (5.0ms)[0m  [1m[36mcommit transaction[0m
Redirected to http://localhost:3000/films
Completed 302 Found in 8ms (ActiveRecord: 5.0ms)


Started GET "/films" for ::1 at 2017-03-17 21:04:55 +0100
Processing by FilmsController#index as HTML
  Rendering films/index.html.erb within layouts/application
  [1m[36mFilm Load (1.0ms)[0m  [1m[34mSELECT "films".* FROM "films"[0m
  Rendered films/index.html.erb within layouts/application (1.0ms)
Completed 200 OK in 242ms (Views: 227.7ms | ActiveRecord: 1.0ms)


Started GET "/films" for ::1 at 2017-03-17 21:04:57 +0100
Processing by FilmsController#index as HTML
  Rendering films/index.html.erb within layouts/application
  [1m[36mFilm Load (0.0ms)[0m  [1m[34mSELECT "films".* FROM "films"[0m
  Rendered films/index.html.erb within layouts/application (1.0ms)
Completed 200 OK in 250ms (Views: 235.8ms | ActiveRecord: 0.0ms)


